[2017-02-19 02:28:42] backlog.INFO: 2017-02-19 02:28:42http://localhost:81/eureclamo/admin/public/admin/empresa/usuario/cadastrar.html|rod|4|rod@ig.com| {"date":"19/02/2017 02:28"} []
[2017-02-19 02:28:54] backlog.INFO: 2017-02-19 02:28:54http://localhost:81/eureclamo/admin/public/admin/empresa/cadastrar.html|rod|4|rod@ig.com| {"date":"19/02/2017 02:28"} []
[2017-02-19 02:29:07] backlog.INFO: 2017-02-19 02:29:07http://localhost:81/eureclamo/admin/public/admin/sair|rod|4|rod@ig.com| {"date":"19/02/2017 02:29"} []
[2017-02-19 02:29:07] backlog.INFO: 2017-02-19 02:29:07http://localhost:81/eureclamo/admin/public/login| {"date":"19/02/2017 02:29"} []
[2017-02-19 02:29:11] backlog.INFO: 2017-02-19 02:29:11http://localhost:81/eureclamo/admin/public/login|usuario = rod|password = 1122| {"date":"19/02/2017 02:29"} []
[2017-02-19 02:29:11] backlog.INFO: 2017-02-19 02:29:11http://localhost:81/eureclamo/admin/public/admin|rod|4|rod@ig.com| {"date":"19/02/2017 02:29"} []
[2017-02-19 02:29:15] backlog.INFO: 2017-02-19 02:29:15http://localhost:81/eureclamo/admin/public/admin|rod|4|rod@ig.com| {"date":"19/02/2017 02:29"} []
[2017-02-19 02:30:48] backlog.INFO: 2017-02-19 02:30:48http://localhost:81/eureclamo/admin/public/login|rod|4|rod@ig.com| {"date":"19/02/2017 02:30"} []
[2017-02-19 02:30:51] backlog.INFO: 2017-02-19 02:30:51http://localhost:81/eureclamo/admin/public/login|usuario = rod|password = 1122|rod|4|rod@ig.com| {"date":"19/02/2017 02:30"} []
[2017-02-19 02:30:52] backlog.INFO: 2017-02-19 02:30:52http://localhost:81/eureclamo/admin/public/admin|rod|4|rod@ig.com| {"date":"19/02/2017 02:30"} []
[2017-02-19 02:32:22] backlog.INFO: 2017-02-19 02:32:22http://localhost:81/eureclamo/admin/public/admin|rod|4|rod@ig.com| {"date":"19/02/2017 02:32"} []
[2017-02-19 02:37:07] backlog.INFO: 2017-02-19 02:37:07http://localhost:81/eureclamo/admin/public/admin|rod|4|rod@ig.com| {"date":"19/02/2017 02:37"} []
[2017-02-19 02:49:06] backlog.INFO: 2017-02-19 02:49:06http://localhost:81/eureclamo/admin/public/admin|rod|4|rod@ig.com| {"date":"19/02/2017 02:49"} []
[2017-02-19 02:49:47] backlog.INFO: 2017-02-19 02:49:46http://localhost:81/eureclamo/admin/public/admin|rod|4|rod@ig.com| {"date":"19/02/2017 02:49"} []
[2017-02-19 02:51:54] backlog.INFO: 2017-02-19 02:51:54http://localhost:81/eureclamo/admin/public/admin|rod|4|rod@ig.com| {"date":"19/02/2017 02:51"} []
[2017-02-19 02:52:53] backlog.INFO: 2017-02-19 02:52:53http://localhost:81/eureclamo/admin/public/admin|rod|4|rod@ig.com| {"date":"19/02/2017 02:52"} []
[2017-02-19 02:54:14] backlog.INFO: 2017-02-19 02:54:14http://localhost:81/eureclamo/admin/public/admin|rod|4|rod@ig.com| {"date":"19/02/2017 02:54"} []
[2017-02-19 02:58:02] backlog.INFO: 2017-02-19 02:58:02http://localhost:81/eureclamo/admin/public/admin|rod|4|rod@ig.com| {"date":"19/02/2017 02:58"} []
[2017-02-19 02:59:39] backlog.INFO: 2017-02-19 02:59:39http://localhost:81/eureclamo/admin/public/admin|rod|4|rod@ig.com| {"date":"19/02/2017 02:59"} []
[2017-02-19 02:01:12] backlog.INFO: 2017-02-19 02:01:12http://localhost:81/eureclamo/admin/public/admin|rod|4|rod@ig.com| {"date":"19/02/2017 02:01"} []
[2017-02-19 02:01:15] backlog.INFO: 2017-02-19 02:01:15http://localhost:81/eureclamo/admin/public/login|rod|4|rod@ig.com| {"date":"19/02/2017 02:01"} []
[2017-02-19 02:01:20] backlog.INFO: 2017-02-19 02:01:20http://localhost:81/eureclamo/admin/public/login|usuario = rod|password = 1122|rod|4|rod@ig.com| {"date":"19/02/2017 02:01"} []
[2017-02-19 02:01:21] backlog.INFO: 2017-02-19 02:01:21http://localhost:81/eureclamo/admin/public/admin|rod|4|rod@ig.com| {"date":"19/02/2017 02:01"} []
[2017-02-19 02:01:31] backlog.INFO: 2017-02-19 02:01:31http://localhost:81/eureclamo/admin/public/admin|rod|4|rod@ig.com| {"date":"19/02/2017 02:01"} []
[2017-02-19 02:02:49] backlog.INFO: 2017-02-19 02:02:49http://localhost:81/eureclamo/admin/public/admin|rod|4|rod@ig.com| {"date":"19/02/2017 02:02"} []
[2017-02-19 02:06:48] backlog.INFO: 2017-02-19 02:06:48http://localhost:81/eureclamo/admin/public/admin|rod|4|rod@ig.com| {"date":"19/02/2017 02:06"} []
[2017-02-19 02:07:57] backlog.INFO: 2017-02-19 02:07:57http://localhost:81/eureclamo/admin/public/admin|rod|4|rod@ig.com| {"date":"19/02/2017 02:07"} []
[2017-02-19 02:08:32] backlog.INFO: 2017-02-19 02:08:32http://localhost:81/eureclamo/admin/public/admin|rod|4|rod@ig.com| {"date":"19/02/2017 02:08"} []
[2017-02-19 02:09:44] backlog.INFO: 2017-02-19 02:09:44http://localhost:81/eureclamo/admin/public/admin|rod|4|rod@ig.com| {"date":"19/02/2017 02:09"} []
[2017-02-19 02:33:01] backlog.INFO: 2017-02-19 02:33:01http://localhost:81/eureclamo/admin/public/admin|rod|4|rod@ig.com| {"date":"19/02/2017 02:33"} []
[2017-02-19 02:33:37] backlog.INFO: 2017-02-19 02:33:37http://localhost:81/eureclamo/admin/public/admin|rod|4|rod@ig.com| {"date":"19/02/2017 02:33"} []
[2017-02-19 02:33:59] backlog.INFO: 2017-02-19 02:33:59http://localhost:81/eureclamo/admin/public/admin|rod|4|rod@ig.com| {"date":"19/02/2017 02:33"} []
[2017-02-19 02:34:53] backlog.INFO: 2017-02-19 02:34:53http://localhost:81/eureclamo/admin/public/admin|rod|4|rod@ig.com| {"date":"19/02/2017 02:34"} []
[2017-02-19 02:37:42] backlog.INFO: 2017-02-19 02:37:42http://localhost:81/eureclamo/admin/public/admin|rod|4|rod@ig.com| {"date":"19/02/2017 02:37"} []
[2017-02-19 02:41:59] backlog.INFO: 2017-02-19 02:41:59http://localhost:81/eureclamo/admin/public/admin|rod|4|rod@ig.com| {"date":"19/02/2017 02:41"} []
[2017-02-19 02:42:39] backlog.INFO: 2017-02-19 02:42:39http://localhost:81/eureclamo/admin/public/admin|rod|4|rod@ig.com| {"date":"19/02/2017 02:42"} []
[2017-02-19 02:44:51] backlog.INFO: 2017-02-19 02:44:51http://localhost:81/eureclamo/admin/public/admin|rod|4|rod@ig.com| {"date":"19/02/2017 02:44"} []
[2017-02-19 02:45:45] backlog.INFO: 2017-02-19 02:45:45http://localhost:81/eureclamo/admin/public/admin|rod|4|rod@ig.com| {"date":"19/02/2017 02:45"} []
[2017-02-19 02:15:03] backlog.INFO: 2017-02-19 02:15:00http://localhost:81/eureclamo/admin/public|rod|4|rod@ig.com| {"date":"19/02/2017 02:15"} []
[2017-02-19 02:15:09] backlog.INFO: 2017-02-19 02:15:09http://localhost:81/eureclamo/admin/public|usuario = rod|password = 1122|rod|4|rod@ig.com| {"date":"19/02/2017 02:15"} []
[2017-02-19 02:15:10] backlog.INFO: 2017-02-19 02:15:10http://localhost:81/eureclamo/admin/public/admin|rod|4|rod@ig.com| {"date":"19/02/2017 02:15"} []
[2017-02-19 02:15:53] backlog.INFO: 2017-02-19 02:15:53http://localhost:81/eureclamo/admin/public/admin/manifestacao/buscar.html|rod|4|rod@ig.com| {"date":"19/02/2017 02:15"} []
[2017-02-19 02:16:10] backlog.INFO: 2017-02-19 02:16:10http://localhost:81/eureclamo/admin/public/admin/manifestacao/cadastrar.html|rod|4|rod@ig.com| {"date":"19/02/2017 02:16"} []
[2017-02-19 02:18:02] backlog.INFO: 2017-02-19 02:18:02http://localhost:81/eureclamo/admin/public/admin/canais/buscarcanal.html?idempresa=1|idempresa = 1|rod|4|rod@ig.com| {"date":"19/02/2017 02:18"} []
[2017-02-19 02:18:03] backlog.INFO: 2017-02-19 02:18:02http://localhost:81/eureclamo/admin/public/admin/manifestacao/buscarprodutoempresa.html?idempresa=1|idempresa = 1|rod|4|rod@ig.com| {"date":"19/02/2017 02:18"} []
[2017-02-19 02:18:06] backlog.INFO: 2017-02-19 02:18:06http://localhost:81/eureclamo/admin/public/admin/manifestacao/buscartipomanifestacao.html?idcanal=6|idcanal = 6|rod|4|rod@ig.com| {"date":"19/02/2017 02:18"} []
[2017-02-19 02:18:08] backlog.INFO: 2017-02-19 02:18:08http://localhost:81/eureclamo/admin/public/admin/manifestacao/buscartipomanifestacao.html?idcanal=4|idcanal = 4|rod|4|rod@ig.com| {"date":"19/02/2017 02:18"} []
[2017-02-19 02:21:47] backlog.INFO: 2017-02-19 02:21:47http://localhost:81/eureclamo/admin/public/admin/manifestacao/manifestacaomensagem.html|rod|4|rod@ig.com| {"date":"19/02/2017 02:21"} []
[2017-02-19 02:21:51] backlog.INFO: 2017-02-19 02:21:51http://localhost:81/eureclamo/admin/public/admin/manifestacao/manifestacaomensagem.html|codigomanif = |codigorec = |rod|4|rod@ig.com| {"date":"19/02/2017 02:21"} []
[2017-02-19 02:21:54] backlog.INFO: 2017-02-19 02:21:54http://localhost:81/eureclamo/admin/public/admin/manifestacao/manifestacaomensagem.html|codigomanif = 117|codigorec = |rod|4|rod@ig.com| {"date":"19/02/2017 02:21"} []
[2017-02-19 02:21:56] backlog.INFO: 2017-02-19 02:21:56http://localhost:81/eureclamo/admin/public/admin/manifestacao/1/detalhes.html|rod|4|rod@ig.com| {"date":"19/02/2017 02:21"} []
[2017-02-19 02:21:59] backlog.INFO: 2017-02-19 02:21:59http://localhost:81/eureclamo/admin/public/admin/manifestacao/1/17/mensagens.html|rod|4|rod@ig.com| {"date":"19/02/2017 02:21"} []
[2017-02-19 02:22:06] backlog.INFO: 2017-02-19 02:22:06http://localhost:81/eureclamo/admin/public/admin/manifestacao/buscarprestador.html?idservico=3|idservico = 3|rod|4|rod@ig.com| {"date":"19/02/2017 02:22"} []
[2017-02-19 02:22:33] backlog.INFO: 2017-02-19 02:22:33http://localhost:81/eureclamo/admin/public/admin/manifestacao/1/17/mensagens.html|rod|4|rod@ig.com| {"date":"19/02/2017 02:22"} []
[2017-02-19 02:22:37] backlog.INFO: 2017-02-19 02:22:37http://localhost:81/eureclamo/admin/public/admin/manifestacao/reclamantes.html|rod|4|rod@ig.com| {"date":"19/02/2017 02:22"} []
[2017-02-19 02:22:40] backlog.INFO: 2017-02-19 02:22:40http://localhost:81/eureclamo/admin/public/admin/manifestacao/buscar.html|rod|4|rod@ig.com| {"date":"19/02/2017 02:22"} []
[2017-02-19 02:22:41] backlog.INFO: 2017-02-19 02:22:41http://localhost:81/eureclamo/admin/public/admin/manifestacao/buscar.html|idcanal = |idtipo = |idlocalidade = |dtentradaocorrencia = |nivel = 1|codigo = |rod|4|rod@ig.com| {"date":"19/02/2017 02:22"} []
[2017-02-19 02:22:43] backlog.INFO: 2017-02-19 02:22:43http://localhost:81/eureclamo/admin/public/admin/manifestacao/6/detalhes.html|rod|4|rod@ig.com| {"date":"19/02/2017 02:22"} []
[2017-02-19 02:22:48] backlog.INFO: 2017-02-19 02:22:48http://localhost:81/eureclamo/admin/public/admin/manifestacao/buscar.html|rod|4|rod@ig.com| {"date":"19/02/2017 02:22"} []
[2017-02-19 02:22:50] backlog.INFO: 2017-02-19 02:22:50http://localhost:81/eureclamo/admin/public/admin/manifestacao/buscar.html|idcanal = |idtipo = |idlocalidade = |dtentradaocorrencia = |nivel = 1|codigo = |rod|4|rod@ig.com| {"date":"19/02/2017 02:22"} []
[2017-02-19 02:22:54] backlog.INFO: 2017-02-19 02:22:53http://localhost:81/eureclamo/admin/public/admin/manifestacao/3/detalhes.html|rod|4|rod@ig.com| {"date":"19/02/2017 02:22"} []
[2017-02-19 02:23:44] backlog.INFO: 2017-02-19 02:23:44http://localhost:81/eureclamo/admin/public/admin/manifestacao/cadastrar.html|rod|4|rod@ig.com| {"date":"19/02/2017 02:23"} []
[2017-02-19 02:23:44] backlog.INFO: 2017-02-19 02:23:44http://localhost:81/eureclamo/admin/public/admin/manifestacao/cadastrar.html|rod|4|rod@ig.com| {"date":"19/02/2017 02:23"} []
[2017-02-19 02:24:05] backlog.INFO: 2017-02-19 02:24:05http://localhost:81/eureclamo/admin/public/admin/manifestacao/reclamantes.html|rod|4|rod@ig.com| {"date":"19/02/2017 02:24"} []
[2017-02-19 02:24:08] backlog.INFO: 2017-02-19 02:24:08http://localhost:81/eureclamo/admin/public/admin/manifestacao/buscar.html|rod|4|rod@ig.com| {"date":"19/02/2017 02:24"} []
[2017-02-19 02:24:10] backlog.INFO: 2017-02-19 02:24:10http://localhost:81/eureclamo/admin/public/admin/manifestacao/buscar.html|idcanal = |idtipo = |idlocalidade = |dtentradaocorrencia = |nivel = 1|codigo = |rod|4|rod@ig.com| {"date":"19/02/2017 02:24"} []
[2017-02-19 02:24:13] backlog.INFO: 2017-02-19 02:24:13http://localhost:81/eureclamo/admin/public/admin/manifestacao/4/detalhes.html|rod|4|rod@ig.com| {"date":"19/02/2017 02:24"} []
[2017-02-19 02:31:16] backlog.INFO: 2017-02-19 02:31:16http://localhost:81/eureclamo/admin/public/admin/manifestacao/4/detalhes.html|rod|4|rod@ig.com| {"date":"19/02/2017 02:31"} []
[2017-02-19 02:31:33] backlog.INFO: 2017-02-19 02:31:33http://localhost:81/eureclamo/admin/public/admin/empresa/cadastrar.html|rod|4|rod@ig.com| {"date":"19/02/2017 02:31"} []
[2017-02-19 02:31:39] backlog.INFO: 2017-02-19 02:31:39http://localhost:81/eureclamo/admin/public/admin|rod|4|rod@ig.com| {"date":"19/02/2017 02:31"} []
[2017-02-19 02:32:57] backlog.INFO: 2017-02-19 02:32:57http://localhost:81/eureclamo/admin/public/admin|rod|4|rod@ig.com| {"date":"19/02/2017 02:32"} []
[2017-02-19 02:34:08] backlog.INFO: 2017-02-19 02:34:08http://localhost:81/eureclamo/admin/public/admin|rod|4|rod@ig.com| {"date":"19/02/2017 02:34"} []
[2017-02-19 02:35:47] backlog.INFO: 2017-02-19 02:35:47http://localhost:81/eureclamo/admin/public/admin/canais/cadastrar.html|rod|4|rod@ig.com| {"date":"19/02/2017 02:35"} []
[2017-02-19 02:35:50] backlog.INFO: 2017-02-19 02:35:50http://localhost:81/eureclamo/admin/public/admin/manifestacao/cadastrar.html|rod|4|rod@ig.com| {"date":"19/02/2017 02:35"} []
[2017-02-19 02:36:51] backlog.INFO: 2017-02-19 02:36:51http://localhost:81/eureclamo/admin/public/admin|rod|4|rod@ig.com| {"date":"19/02/2017 02:36"} []
[2017-02-19 02:48:11] backlog.INFO: 2017-02-19 02:48:11http://localhost:81/eureclamo/admin/public/admin|rod|4|rod@ig.com| {"date":"19/02/2017 02:48"} []
[2017-02-19 02:49:16] backlog.INFO: 2017-02-19 02:49:16http://localhost:81/eureclamo/admin/public/admin|rod|4|rod@ig.com| {"date":"19/02/2017 02:49"} []
[2017-02-19 02:50:22] backlog.INFO: 2017-02-19 02:50:22http://localhost:81/eureclamo/admin/public/admin|rod|4|rod@ig.com| {"date":"19/02/2017 02:50"} []
[2017-02-19 02:50:50] backlog.INFO: 2017-02-19 02:50:50http://localhost:81/eureclamo/admin/public/admin|rod|4|rod@ig.com| {"date":"19/02/2017 02:50"} []
[2017-02-19 02:57:22] backlog.INFO: 2017-02-19 02:57:22http://localhost:81/eureclamo/admin/public/admin|rod|4|rod@ig.com| {"date":"19/02/2017 02:57"} []
[2017-02-19 02:10:01] backlog.INFO: 2017-02-19 02:10:01http://localhost:81/eureclamo/admin/public/admin|rod|4|rod@ig.com| {"date":"19/02/2017 02:10"} []
[2017-02-19 02:15:30] backlog.INFO: 2017-02-19 02:15:30http://localhost:81/eureclamo/admin/public/admin/manifestacao/cadastrar.html|rod|4|rod@ig.com| {"date":"19/02/2017 02:15"} []
[2017-02-19 02:15:53] backlog.INFO: 2017-02-19 02:15:53http://localhost:81/eureclamo/admin/public/admin/canais/buscarcanal.html?idempresa=3|idempresa = 3|rod|4|rod@ig.com| {"date":"19/02/2017 02:15"} []
[2017-02-19 02:15:53] backlog.INFO: 2017-02-19 02:15:53http://localhost:81/eureclamo/admin/public/admin/manifestacao/buscarprodutoempresa.html?idempresa=3|idempresa = 3|rod|4|rod@ig.com| {"date":"19/02/2017 02:15"} []
[2017-02-19 02:15:55] backlog.INFO: 2017-02-19 02:15:55http://localhost:81/eureclamo/admin/public/admin/canais/buscarcanal.html?idempresa=1|idempresa = 1|rod|4|rod@ig.com| {"date":"19/02/2017 02:15"} []
[2017-02-19 02:15:55] backlog.INFO: 2017-02-19 02:15:55http://localhost:81/eureclamo/admin/public/admin/manifestacao/buscarprodutoempresa.html?idempresa=1|idempresa = 1|rod|4|rod@ig.com| {"date":"19/02/2017 02:15"} []
[2017-02-19 02:33:44] backlog.INFO: 2017-02-19 02:33:44http://localhost:81/eureclamo/admin/public/admin/manifestacao/buscarprodutoempresa.html?idempresa=2|idempresa = 2|rod|4|rod@ig.com| {"date":"19/02/2017 02:33"} []
[2017-02-19 02:33:44] backlog.INFO: 2017-02-19 02:33:44http://localhost:81/eureclamo/admin/public/admin/canais/buscarcanal.html?idempresa=2|idempresa = 2|rod|4|rod@ig.com| {"date":"19/02/2017 02:33"} []
[2017-02-19 02:33:48] backlog.INFO: 2017-02-19 02:33:48http://localhost:81/eureclamo/admin/public/admin/manifestacao/buscarreclamante.html?email=jose%40ig.com.br|email = jose@ig.com.br|rod|4|rod@ig.com| {"date":"19/02/2017 02:33"} []
[2017-02-19 02:33:58] backlog.INFO: 2017-02-19 02:33:58http://localhost:81/eureclamo/admin/public/admin/manifestacao/buscartipomanifestacao.html?idcanal=8|idcanal = 8|rod|4|rod@ig.com| {"date":"19/02/2017 02:33"} []
[2017-02-19 02:34:21] backlog.INFO: 2017-02-19 02:34:21http://localhost:81/eureclamo/admin/public/admin/manifestacao/buscaruf.html?idregiao=1|idregiao = 1|rod|4|rod@ig.com| {"date":"19/02/2017 02:34"} []
[2017-02-19 02:34:22] backlog.INFO: 2017-02-19 02:34:22http://localhost:81/eureclamo/admin/public/admin/manifestacao/buscarlocalidade.html?iduf=2|iduf = 2|rod|4|rod@ig.com| {"date":"19/02/2017 02:34"} []
[2017-02-19 02:34:24] backlog.INFO: 2017-02-19 02:34:24http://localhost:81/eureclamo/admin/public/admin/manifestacao/cadastrar.html|email = jose@ig.com.br|codigo = 223wew|nome = LUCIANA|telefone = (23) 2545-4253|celular = (54) 3254-32542|empresa = 2|produto = 14|canalm = 8|tipomanif = 1|resumo = 543afdf|completa = fdsafd|dtentradacanal = 01/02/2017|hrentradacanal = 11:11|dtentradaocorrencia = 30/01/2017|hrentradaocorrencia = 11:11|dtentradagestao = 29/01/2017|hrentradagestao = 11:23|prazoresposta = 40|nivel = 3|endereco = sdssd|referencia = dsds|regiao = 1|ufs = 2|idlocalidade = 4|rod|4|rod@ig.com| {"date":"19/02/2017 02:34"} []
[2017-02-19 02:35:07] backlog.INFO: 2017-02-19 02:35:07http://localhost:81/eureclamo/admin/public/admin/manifestacao/manifestacaomensagem.html|rod|4|rod@ig.com| {"date":"19/02/2017 02:35"} []
[2017-02-19 02:35:08] backlog.INFO: 2017-02-19 02:35:08http://localhost:81/eureclamo/admin/public/admin/manifestacao/manifestacaomensagem.html|codigomanif = |codigorec = |rod|4|rod@ig.com| {"date":"19/02/2017 02:35"} []
[2017-02-19 02:35:10] backlog.INFO: 2017-02-19 02:35:10http://localhost:81/eureclamo/admin/public/admin/manifestacao/manifestacaomensagem.html|codigomanif = 117|codigorec = |rod|4|rod@ig.com| {"date":"19/02/2017 02:35"} []
[2017-02-19 02:35:10] backlog.INFO: 2017-02-19 02:35:10http://localhost:81/eureclamo/admin/public/admin/manifestacao/1/detalhes.html|rod|4|rod@ig.com| {"date":"19/02/2017 02:35"} []
[2017-02-19 02:35:12] backlog.INFO: 2017-02-19 02:35:12http://localhost:81/eureclamo/admin/public/admin/manifestacao/1/17/mensagens.html|rod|4|rod@ig.com| {"date":"19/02/2017 02:35"} []
[2017-02-19 02:36:04] backlog.INFO: 2017-02-19 02:36:04http://localhost:81/eureclamo/admin/public/admin/sair|rod|4|rod@ig.com| {"date":"19/02/2017 02:36"} []
[2017-02-19 02:36:04] backlog.INFO: 2017-02-19 02:36:04http://localhost:81/eureclamo/admin/public/login| {"date":"19/02/2017 02:36"} []
[2017-02-19 02:36:10] backlog.INFO: 2017-02-19 02:36:10http://localhost:81/eureclamo/admin/public/login|usuario = rod|password = 1122| {"date":"19/02/2017 02:36"} []
[2017-02-19 02:36:11] backlog.INFO: 2017-02-19 02:36:11http://localhost:81/eureclamo/admin/public/admin|rod|4|rod@ig.com| {"date":"19/02/2017 02:36"} []
[2017-02-19 02:49:55] backlog.INFO: 2017-02-19 02:49:55http://localhost:81/eureclamo/admin/public|rod|4|rod@ig.com| {"date":"19/02/2017 02:49"} []
[2017-02-19 02:49:59] backlog.INFO: 2017-02-19 02:49:59http://localhost:81/eureclamo/admin/public|usuario = rod|password = 1122|rod|4|rod@ig.com| {"date":"19/02/2017 02:49"} []
[2017-02-19 02:50:00] backlog.INFO: 2017-02-19 02:50:00http://localhost:81/eureclamo/admin/public/admin|rod|4|rod@ig.com| {"date":"19/02/2017 02:50"} []
[2017-02-19 02:50:03] backlog.INFO: 2017-02-19 02:50:03http://localhost:81/eureclamo/admin/public/admin/manifestacao/manifestacaomensagem.html|rod|4|rod@ig.com| {"date":"19/02/2017 02:50"} []
[2017-02-19 02:50:05] backlog.INFO: 2017-02-19 02:50:05http://localhost:81/eureclamo/admin/public/admin/manifestacao/manifestacaomensagem.html|codigomanif = 117|codigorec = |rod|4|rod@ig.com| {"date":"19/02/2017 02:50"} []
[2017-02-19 02:50:05] backlog.INFO: 2017-02-19 02:50:05http://localhost:81/eureclamo/admin/public/admin/manifestacao/1/detalhes.html|rod|4|rod@ig.com| {"date":"19/02/2017 02:50"} []
[2017-02-19 02:50:06] backlog.INFO: 2017-02-19 02:50:06http://localhost:81/eureclamo/admin/public/admin/manifestacao/1/17/mensagens.html|rod|4|rod@ig.com| {"date":"19/02/2017 02:50"} []
[2017-02-19 02:50:10] backlog.INFO: 2017-02-19 02:50:10http://localhost:81/eureclamo/admin/public/admin/manifestacao/buscarprestador.html?idservico=2|idservico = 2|rod|4|rod@ig.com| {"date":"19/02/2017 02:50"} []
[2017-02-19 02:58:05] backlog.INFO: 2017-02-19 02:58:05http://localhost:81/eureclamo/admin/public/admin/manifestacao/1/17/mensagens.html|msg = dssdsds|servico = 2|idprestador = 1|rod|4|rod@ig.com| {"date":"19/02/2017 02:58"} []
[2017-02-19 02:58:23] backlog.INFO: 2017-02-19 02:58:23http://localhost:81/eureclamo/admin/public/admin/manifestacao/1/17/mensagens.html|rod|4|rod@ig.com| {"date":"19/02/2017 02:58"} []
[2017-02-19 02:58:25] backlog.INFO: 2017-02-19 02:58:25http://localhost:81/eureclamo/admin/public/admin/manifestacao/buscarprestador.html?idservico=3|idservico = 3|rod|4|rod@ig.com| {"date":"19/02/2017 02:58"} []
[2017-02-19 02:58:26] backlog.INFO: 2017-02-19 02:58:26http://localhost:81/eureclamo/admin/public/admin/manifestacao/buscarprestador.html?idservico=2|idservico = 2|rod|4|rod@ig.com| {"date":"19/02/2017 02:58"} []
[2017-02-19 02:58:29] backlog.INFO: 2017-02-19 02:58:29http://localhost:81/eureclamo/admin/public/admin/manifestacao/1/17/mensagens.html|msg = dssdsds|servico = 2|idprestador = 1|rod|4|rod@ig.com| {"date":"19/02/2017 02:58"} []
[2017-02-19 02:58:40] backlog.INFO: 2017-02-19 02:58:40http://localhost:81/eureclamo/admin/public/admin/manifestacao/1/17/mensagens.html|rod|4|rod@ig.com| {"date":"19/02/2017 02:58"} []
[2017-02-19 02:58:42] backlog.INFO: 2017-02-19 02:58:42http://localhost:81/eureclamo/admin/public/admin/manifestacao/buscarprestador.html?idservico=3|idservico = 3|rod|4|rod@ig.com| {"date":"19/02/2017 02:58"} []
[2017-02-19 02:58:43] backlog.INFO: 2017-02-19 02:58:43http://localhost:81/eureclamo/admin/public/admin/manifestacao/buscarprestador.html?idservico=2|idservico = 2|rod|4|rod@ig.com| {"date":"19/02/2017 02:58"} []
[2017-02-19 02:58:46] backlog.INFO: 2017-02-19 02:58:46http://localhost:81/eureclamo/admin/public/admin/manifestacao/1/17/mensagens.html|msg = dssdsdssad|servico = 2|idprestador = 1|rod|4|rod@ig.com| {"date":"19/02/2017 02:58"} []
