[2017-04-01 03:44:39] backlog.INFO: 2017-04-01 03:44:39http://localhost:81/eureclamo/admin/public| {"date":"01/04/2017 03:44"} []
[2017-04-01 03:44:43] backlog.INFO: 2017-04-01 03:44:43http://localhost:81/eureclamo/admin/public|usuario = |password = | {"date":"01/04/2017 03:44"} []
[2017-04-01 03:44:59] backlog.INFO: 2017-04-01 03:44:59http://localhost:81/eureclamo/admin/public|usuario = rod|password = 123| {"date":"01/04/2017 03:44"} []
[2017-04-01 03:45:03] backlog.INFO: 2017-04-01 03:45:03http://localhost:81/eureclamo/admin/public|usuario = rod|password = 1234| {"date":"01/04/2017 03:45"} []
[2017-04-01 03:45:09] backlog.INFO: 2017-04-01 03:45:09http://localhost:81/eureclamo/admin/public|usuario = rod|password = 123456| {"date":"01/04/2017 03:45"} []
[2017-04-01 03:45:24] backlog.INFO: 2017-04-01 03:45:24http://localhost:81/eureclamo/admin/public|usuario = rod|password = 111| {"date":"01/04/2017 03:45"} []
[2017-04-01 03:47:28] backlog.INFO: 2017-04-01 03:47:28http://localhost:81/eureclamo/admin/public|usuario = rod|password = 1212| {"date":"01/04/2017 03:47"} []
[2017-04-01 03:47:33] backlog.INFO: 2017-04-01 03:47:33http://localhost:81/eureclamo/admin/public|usuario = rod|password = rod123| {"date":"01/04/2017 03:47"} []
[2017-04-01 03:47:38] backlog.INFO: 2017-04-01 03:47:38http://localhost:81/eureclamo/admin/public|usuario = rod|password = rod123| {"date":"01/04/2017 03:47"} []
[2017-04-01 03:49:51] backlog.INFO: 2017-04-01 03:49:51http://localhost:81/eureclamo/admin/public|usuario = rod|password = 1122| {"date":"01/04/2017 03:49"} []
[2017-04-01 03:49:53] backlog.INFO: 2017-04-01 03:49:53http://localhost:81/eureclamo/admin/public/admin|rod|4|rod@ig.com| {"date":"01/04/2017 03:49"} []
[2017-04-01 03:51:57] backlog.INFO: 2017-04-01 03:51:57http://localhost:81/eureclamo/admin/public/admin|rod|4|rod@ig.com| {"date":"01/04/2017 03:51"} []
[2017-04-01 03:52:03] backlog.INFO: 2017-04-01 03:52:03http://localhost:81/eureclamo/admin/public/admin/empresa/cadastrar.html|rod|4|rod@ig.com| {"date":"01/04/2017 03:52"} []
[2017-04-01 03:55:04] backlog.INFO: 2017-04-01 03:55:04http://localhost:81/eureclamo/admin/public/admin/empresa/cadastrar.html|rod|4|rod@ig.com| {"date":"01/04/2017 03:55"} []
[2017-04-01 03:55:06] backlog.INFO: 2017-04-01 03:55:06http://localhost:81/eureclamo/admin/public/admin/empresa/buscar.html|rod|4|rod@ig.com| {"date":"01/04/2017 03:55"} []
[2017-04-01 03:56:00] backlog.INFO: 2017-04-01 03:56:00http://localhost:81/eureclamo/admin/public/admin/canais/buscar.html|rod|4|rod@ig.com| {"date":"01/04/2017 03:56"} []
[2017-04-01 03:56:04] backlog.INFO: 2017-04-01 03:56:04http://localhost:81/eureclamo/admin/public/admin/empresa/buscar.html|rod|4|rod@ig.com| {"date":"01/04/2017 03:56"} []
[2017-04-01 03:58:45] backlog.INFO: 2017-04-01 03:58:45http://localhost:81/eureclamo/admin/public/admin/empresa/buscar.html|rod|4|rod@ig.com| {"date":"01/04/2017 03:58"} []
[2017-04-01 03:00:34] backlog.INFO: 2017-04-01 03:00:34http://localhost:81/eureclamo/admin/public/admin/empresa/cadastrar.html|rod|4|rod@ig.com| {"date":"01/04/2017 03:00"} []
[2017-04-01 03:00:36] backlog.INFO: 2017-04-01 03:00:36http://localhost:81/eureclamo/admin/public/admin/empresa/perfil/buscar.html|rod|4|rod@ig.com| {"date":"01/04/2017 03:00"} []
[2017-04-01 03:00:39] backlog.INFO: 2017-04-01 03:00:39http://localhost:81/eureclamo/admin/public/admin/empresa/cadastrar.html|rod|4|rod@ig.com| {"date":"01/04/2017 03:00"} []
[2017-04-01 03:00:42] backlog.INFO: 2017-04-01 03:00:42http://localhost:81/eureclamo/admin/public/admin/empresa/buscar.html|rod|4|rod@ig.com| {"date":"01/04/2017 03:00"} []
[2017-04-01 03:02:45] backlog.INFO: 2017-04-01 03:02:45http://localhost:81/eureclamo/admin/public/admin/empresa/buscar.html|rod|4|rod@ig.com| {"date":"01/04/2017 03:02"} []
[2017-04-01 03:03:06] backlog.INFO: 2017-04-01 03:03:06http://localhost:81/eureclamo/admin/public/admin/empresa/buscar.html|rod|4|rod@ig.com| {"date":"01/04/2017 03:03"} []
[2017-04-01 03:03:15] backlog.INFO: 2017-04-01 03:03:15http://localhost:81/eureclamo/admin/public/admin/empresa/cadastrar.html|rod|4|rod@ig.com| {"date":"01/04/2017 03:03"} []
[2017-04-01 03:03:17] backlog.INFO: 2017-04-01 03:03:17http://localhost:81/eureclamo/admin/public/admin/empresa/buscar.html|rod|4|rod@ig.com| {"date":"01/04/2017 03:03"} []
[2017-04-01 03:03:24] backlog.INFO: 2017-04-01 03:03:24http://localhost:81/eureclamo/admin/public/admin/empresa/buscar.html|rod|4|rod@ig.com| {"date":"01/04/2017 03:03"} []
[2017-04-01 03:03:38] backlog.INFO: 2017-04-01 03:03:38http://localhost:81/eureclamo/admin/public/admin/empresa/buscar.html|rod|4|rod@ig.com| {"date":"01/04/2017 03:03"} []
[2017-04-01 03:03:43] backlog.INFO: 2017-04-01 03:03:43http://localhost:81/eureclamo/admin/public/admin/empresa/1/detalhes.html|rod|4|rod@ig.com| {"date":"01/04/2017 03:03"} []
[2017-04-01 03:08:25] backlog.INFO: 2017-04-01 03:08:25http://localhost:81/eureclamo/admin/public|rod|4|rod@ig.com| {"date":"01/04/2017 03:08"} []
[2017-04-01 03:08:29] backlog.INFO: 2017-04-01 03:08:29http://localhost:81/eureclamo/admin/public|usuario = rod|password = 1122|rod|4|rod@ig.com| {"date":"01/04/2017 03:08"} []
[2017-04-01 03:08:30] backlog.INFO: 2017-04-01 03:08:30http://localhost:81/eureclamo/admin/public/admin|rod|4|rod@ig.com| {"date":"01/04/2017 03:08"} []
[2017-04-01 03:10:22] backlog.INFO: 2017-04-01 03:10:22http://localhost:81/eureclamo/admin/public/admin/canais/cadastrar.html|rod|4|rod@ig.com| {"date":"01/04/2017 03:10"} []
[2017-04-01 03:12:35] backlog.INFO: 2017-04-01 03:12:35http://localhost:81/eureclamo/admin/public/admin/canais/cadastrar.html|rod|4|rod@ig.com| {"date":"01/04/2017 03:12"} []
[2017-04-01 03:12:39] backlog.INFO: 2017-04-01 03:12:39http://localhost:81/eureclamo/admin/public|rod|4|rod@ig.com| {"date":"01/04/2017 03:12"} []
[2017-04-01 03:12:43] backlog.INFO: 2017-04-01 03:12:43http://localhost:81/eureclamo/admin/public|usuario = rod|password = 1122|rod|4|rod@ig.com| {"date":"01/04/2017 03:12"} []
[2017-04-01 03:12:43] backlog.INFO: 2017-04-01 03:12:43http://localhost:81/eureclamo/admin/public/admin|rod|4|rod@ig.com| {"date":"01/04/2017 03:12"} []
[2017-04-01 03:12:46] backlog.INFO: 2017-04-01 03:12:46http://localhost:81/eureclamo/admin/public/admin/canais/buscar.html|rod|4|rod@ig.com| {"date":"01/04/2017 03:12"} []
[2017-04-01 03:13:28] backlog.INFO: 2017-04-01 03:13:28http://localhost:81/eureclamo/admin/public/admin/canais/buscar.html|rod|4|rod@ig.com| {"date":"01/04/2017 03:13"} []
[2017-04-01 03:25:12] backlog.INFO: 2017-04-01 03:25:12http://localhost:81/eureclamo/admin/public/admin/canais/buscar.html|rod|4|rod@ig.com| {"date":"01/04/2017 03:25"} []
[2017-04-01 03:25:24] backlog.INFO: 2017-04-01 03:25:24http://localhost:81/eureclamo/admin/public/admin/canais/buscar.html|rod|4|rod@ig.com| {"date":"01/04/2017 03:25"} []
[2017-04-01 03:25:32] backlog.INFO: 2017-04-01 03:25:32http://localhost:81/eureclamo/admin/public/admin/canais/buscar.html|rod|4|rod@ig.com| {"date":"01/04/2017 03:25"} []
[2017-04-01 03:25:54] backlog.INFO: 2017-04-01 03:25:54http://localhost:81/eureclamo/admin/public/admin/canais/buscar.html|rod|4|rod@ig.com| {"date":"01/04/2017 03:25"} []
[2017-04-01 03:26:10] backlog.INFO: 2017-04-01 03:26:09http://localhost:81/eureclamo/admin/public/admin/canais/buscar.html|rod|4|rod@ig.com| {"date":"01/04/2017 03:26"} []
[2017-04-20 00:30:15] backlog.INFO: 2017-04-20 00:30:15http://localhost:81/eureclamo/admin/public| {"date":"20/04/2017 00:30"} []
[2017-04-20 00:30:23] backlog.INFO: 2017-04-20 00:30:23http://localhost:81/eureclamo/admin/public|usuario = rod|password = 123| {"date":"20/04/2017 00:30"} []
[2017-04-20 00:30:32] backlog.INFO: 2017-04-20 00:30:32http://localhost:81/eureclamo/admin/public|usuario = rod|password = 1234| {"date":"20/04/2017 00:30"} []
[2017-04-20 00:31:02] backlog.INFO: 2017-04-20 00:31:02http://localhost:81/eureclamo/admin/public|usuario = rod|password = 1212| {"date":"20/04/2017 00:31"} []
[2017-04-20 00:31:06] backlog.INFO: 2017-04-20 00:31:06http://localhost:81/eureclamo/admin/public|usuario = rod|password = 1122| {"date":"20/04/2017 00:31"} []
[2017-04-20 00:31:07] backlog.INFO: 2017-04-20 00:31:07http://localhost:81/eureclamo/admin/public/admin|rod|4|rod@ig.com| {"date":"20/04/2017 00:31"} []
[2017-04-20 00:31:17] backlog.INFO: 2017-04-20 00:31:17http://localhost:81/eureclamo/admin/public/admin/empresa/cadastrar.html|rod|4|rod@ig.com| {"date":"20/04/2017 00:31"} []
[2017-04-20 00:32:02] backlog.INFO: 2017-04-20 00:32:02http://localhost:81/eureclamo/admin/public/admin/empresa/buscar.html|rod|4|rod@ig.com| {"date":"20/04/2017 00:32"} []
[2017-04-20 00:32:05] backlog.INFO: 2017-04-20 00:32:05http://localhost:81/eureclamo/admin/public/admin/empresa/buscar.html|rod|4|rod@ig.com| {"date":"20/04/2017 00:32"} []
[2017-04-20 00:32:14] backlog.INFO: 2017-04-20 00:32:14http://localhost:81/eureclamo/admin/public/admin/empresa/cadastrar.html|rod|4|rod@ig.com| {"date":"20/04/2017 00:32"} []
[2017-04-20 00:32:17] backlog.INFO: 2017-04-20 00:32:17http://localhost:81/eureclamo/admin/public/admin/empresa/buscar.html|rod|4|rod@ig.com| {"date":"20/04/2017 00:32"} []
[2017-04-20 00:32:55] backlog.INFO: 2017-04-20 00:32:55http://localhost:81/eureclamo/admin/public/admin/canais/cadastrar.html|rod|4|rod@ig.com| {"date":"20/04/2017 00:32"} []
[2017-04-20 00:33:50] backlog.INFO: 2017-04-20 00:33:50http://localhost:81/eureclamo/admin/public/admin/canais/buscar.html|rod|4|rod@ig.com| {"date":"20/04/2017 00:33"} []
[2017-04-20 00:33:53] backlog.INFO: 2017-04-20 00:33:53http://localhost:81/eureclamo/admin/public/admin/canais/buscar.html|descricao = |tipo = canal|rod|4|rod@ig.com| {"date":"20/04/2017 00:33"} []
[2017-04-20 00:34:08] backlog.INFO: 2017-04-20 00:34:08http://localhost:81/eureclamo/admin/public/admin/canais/10/detalhescanal.html|rod|4|rod@ig.com| {"date":"20/04/2017 00:34"} []
[2017-04-20 00:34:40] backlog.INFO: 2017-04-20 00:34:40http://localhost:81/eureclamo/admin/public/admin/canais/10/detalhescanal.html|rod|4|rod@ig.com| {"date":"20/04/2017 00:34"} []
[2017-04-20 00:34:56] backlog.INFO: 2017-04-20 00:34:56http://localhost:81/eureclamo/admin/public/admin/canais/cadastrar.html|rod|4|rod@ig.com| {"date":"20/04/2017 00:34"} []
[2017-04-20 00:36:47] backlog.INFO: 2017-04-20 00:36:47http://localhost:81/eureclamo/admin/public/admin/canais/buscarcanal.html?idempresa=1|idempresa = 1|rod|4|rod@ig.com| {"date":"20/04/2017 00:36"} []
[2017-04-20 00:46:58] backlog.INFO: 2017-04-20 00:46:57http://localhost:81/eureclamo/admin/public/admin/empresa/cadastrar.html|rod|4|rod@ig.com| {"date":"20/04/2017 00:46"} []
[2017-04-20 00:47:35] backlog.INFO: 2017-04-20 00:47:35http://localhost:81/eureclamo/admin/public/admin/empresa/cadastrar.html|rod|4|rod@ig.com| {"date":"20/04/2017 00:47"} []
[2017-04-20 00:48:02] backlog.INFO: 2017-04-20 00:48:02http://localhost:81/eureclamo/admin/public/admin/empresa/buscar.html|rod|4|rod@ig.com| {"date":"20/04/2017 00:48"} []
[2017-04-20 00:48:15] backlog.INFO: 2017-04-20 00:48:15http://localhost:81/eureclamo/admin/public/admin/empresa/buscar.html|rod|4|rod@ig.com| {"date":"20/04/2017 00:48"} []
[2017-04-20 00:35:22] backlog.INFO: 2017-04-20 00:35:22http://localhost:81/eureclamo/admin/public/admin/empresa/buscar.html|rod|4|rod@ig.com| {"date":"20/04/2017 00:35"} []
[2017-04-20 00:35:24] backlog.INFO: 2017-04-20 00:35:24http://localhost:81/eureclamo/admin/public/admin/empresa/buscar.html|razao = |fantasia = |cnpj = |sigla = |rod|4|rod@ig.com| {"date":"20/04/2017 00:35"} []
[2017-04-20 00:35:28] backlog.INFO: 2017-04-20 00:35:28http://localhost:81/eureclamo/admin/public/admin/empresa/buscar.html|razao = Acc|fantasia = |cnpj = |sigla = |rod|4|rod@ig.com| {"date":"20/04/2017 00:35"} []
[2017-04-20 00:35:36] backlog.INFO: 2017-04-20 00:35:36http://localhost:81/eureclamo/admin/public/admin/empresa/buscar.html|razao = |fantasia = BRADESCO|cnpj = |sigla = |rod|4|rod@ig.com| {"date":"20/04/2017 00:35"} []
[2017-04-20 00:35:40] backlog.INFO: 2017-04-20 00:35:40http://localhost:81/eureclamo/admin/public/admin/empresa/buscar.html|razao = |fantasia = |cnpj = |sigla = BRA|rod|4|rod@ig.com| {"date":"20/04/2017 00:35"} []
[2017-04-20 00:37:16] backlog.INFO: 2017-04-20 00:37:16http://localhost:81/eureclamo/admin/public/admin/empresa/buscar.html|razao = |fantasia = |cnpj = |sigla = |rod|4|rod@ig.com| {"date":"20/04/2017 00:37"} []
[2017-04-20 00:44:19] backlog.INFO: 2017-04-20 00:44:19http://localhost:81/eureclamo/admin/public/admin/empresa/buscar.html|razao = |fantasia = |cnpj = |sigla = |rod|4|rod@ig.com| {"date":"20/04/2017 00:44"} []
[2017-04-20 00:49:45] backlog.INFO: 2017-04-20 00:49:45http://localhost:81/eureclamo/admin/public/admin/empresa/buscar.html|razao = |fantasia = |cnpj = |sigla = |rod|4|rod@ig.com| {"date":"20/04/2017 00:49"} []
[2017-04-20 00:50:13] backlog.INFO: 2017-04-20 00:50:13http://localhost:81/eureclamo/admin/public/admin/empresa/buscar.html|razao = |fantasia = |cnpj = |sigla = |rod|4|rod@ig.com| {"date":"20/04/2017 00:50"} []
[2017-04-20 00:50:16] backlog.INFO: 2017-04-20 00:50:16http://localhost:81/eureclamo/admin/public/admin/empresa/buscar.html|razao = dw|fantasia = |cnpj = |sigla = |rod|4|rod@ig.com| {"date":"20/04/2017 00:50"} []
[2017-04-20 00:50:27] backlog.INFO: 2017-04-20 00:50:27http://localhost:81/eureclamo/admin/public/admin/empresa/buscar.html|razao = |fantasia = BRADESCO|cnpj = |sigla = |rod|4|rod@ig.com| {"date":"20/04/2017 00:50"} []
[2017-04-20 00:50:30] backlog.INFO: 2017-04-20 00:50:30http://localhost:81/eureclamo/admin/public/admin/empresa/buscar.html|razao = |fantasia = |cnpj = |sigla = |rod|4|rod@ig.com| {"date":"20/04/2017 00:50"} []
[2017-04-20 00:50:36] backlog.INFO: 2017-04-20 00:50:36http://localhost:81/eureclamo/admin/public/admin/empresa/buscar.html|razao = |fantasia = |cnpj = |sigla = BRA|rod|4|rod@ig.com| {"date":"20/04/2017 00:50"} []
[2017-04-20 00:50:40] backlog.INFO: 2017-04-20 00:50:39http://localhost:81/eureclamo/admin/public/admin/empresa/buscar.html|razao = |fantasia = BRADESCO|cnpj = |sigla = |rod|4|rod@ig.com| {"date":"20/04/2017 00:50"} []
[2017-04-20 00:50:41] backlog.INFO: 2017-04-20 00:50:41http://localhost:81/eureclamo/admin/public/admin/empresa/buscar.html|razao = |fantasia = |cnpj = |sigla = |rod|4|rod@ig.com| {"date":"20/04/2017 00:50"} []
[2017-04-20 00:50:46] backlog.INFO: 2017-04-20 00:50:46http://localhost:81/eureclamo/admin/public/admin/empresa/buscar.html|razao = |fantasia = |cnpj = 11111111111|sigla = |rod|4|rod@ig.com| {"date":"20/04/2017 00:50"} []
[2017-04-20 00:50:47] backlog.INFO: 2017-04-20 00:50:47http://localhost:81/eureclamo/admin/public/admin/empresa/buscar.html|razao = |fantasia = |cnpj = |sigla = |rod|4|rod@ig.com| {"date":"20/04/2017 00:50"} []
[2017-04-20 00:50:50] backlog.INFO: 2017-04-20 00:50:50http://localhost:81/eureclamo/admin/public/admin/empresa/buscar.html|razao = ABC |fantasia = |cnpj = |sigla = |rod|4|rod@ig.com| {"date":"20/04/2017 00:50"} []
[2017-04-20 00:50:52] backlog.INFO: 2017-04-20 00:50:52http://localhost:81/eureclamo/admin/public/admin/empresa/buscar.html|razao = |fantasia = ABC |cnpj = |sigla = |rod|4|rod@ig.com| {"date":"20/04/2017 00:50"} []
[2017-04-20 00:50:57] backlog.INFO: 2017-04-20 00:50:57http://localhost:81/eureclamo/admin/public/admin/empresa/buscar.html|razao = ABC|fantasia = |cnpj = |sigla = |rod|4|rod@ig.com| {"date":"20/04/2017 00:50"} []
[2017-04-20 00:51:01] backlog.INFO: 2017-04-20 00:51:01http://localhost:81/eureclamo/admin/public/admin/empresa/buscar.html|razao = BRADESCO|fantasia = |cnpj = |sigla = |rod|4|rod@ig.com| {"date":"20/04/2017 00:51"} []
[2017-04-20 01:08:20] backlog.INFO: 2017-04-20 01:08:20http://localhost:81/eureclamo/admin/public/admin/canais/cadastrar.html|rod|4|rod@ig.com| {"date":"20/04/2017 01:08"} []
[2017-04-20 01:09:26] backlog.INFO: 2017-04-20 01:09:26http://localhost:81/eureclamo/admin/public/admin/canais/cadastrar.html|rod|4|rod@ig.com| {"date":"20/04/2017 01:09"} []
[2017-04-20 01:09:43] backlog.INFO: 2017-04-20 01:09:43http://localhost:81/eureclamo/admin/public/admin/canais/cadastrar.html|rod|4|rod@ig.com| {"date":"20/04/2017 01:09"} []
[2017-04-20 01:10:36] backlog.INFO: 2017-04-20 01:10:36http://localhost:81/eureclamo/admin/public/admin/canais/cadastrar.html|rod|4|rod@ig.com| {"date":"20/04/2017 01:10"} []
[2017-04-20 01:10:41] backlog.INFO: 2017-04-20 01:10:41http://localhost:81/eureclamo/admin/public/admin/canais/cadastrar_canal.html|canal = Canal 0001|empresa = 3|rod|4|rod@ig.com| {"date":"20/04/2017 01:10"} []
[2017-04-20 00:59:02] backlog.INFO: 2017-04-20 00:59:01http://localhost:81/eureclamo/admin/public/admin/canais/buscar.html|rod|4|rod@ig.com| {"date":"20/04/2017 00:59"} []
[2017-04-20 00:59:04] backlog.INFO: 2017-04-20 00:59:04http://localhost:81/eureclamo/admin/public/admin/canais/buscar.html|descricao = |tipo = canal|rod|4|rod@ig.com| {"date":"20/04/2017 00:59"} []
[2017-04-20 00:59:07] backlog.INFO: 2017-04-20 00:59:07http://localhost:81/eureclamo/admin/public/admin/canais/buscar.html|descricao = a|tipo = canal|rod|4|rod@ig.com| {"date":"20/04/2017 00:59"} []
[2017-04-20 00:59:11] backlog.INFO: 2017-04-20 00:59:11http://localhost:81/eureclamo/admin/public/admin/canais/cadastrar.html|rod|4|rod@ig.com| {"date":"20/04/2017 00:59"} []
[2017-04-20 00:59:14] backlog.INFO: 2017-04-20 00:59:14http://localhost:81/eureclamo/admin/public/admin/canais/buscar.html|rod|4|rod@ig.com| {"date":"20/04/2017 00:59"} []
[2017-04-20 01:00:15] backlog.INFO: 2017-04-20 01:00:15http://localhost:81/eureclamo/admin/public/admin/canais/buscar.html|rod|4|rod@ig.com| {"date":"20/04/2017 01:00"} []
[2017-04-20 01:03:10] backlog.INFO: 2017-04-20 01:03:09http://localhost:81/eureclamo/admin/public/admin/canais/buscar.html|rod|4|rod@ig.com| {"date":"20/04/2017 01:03"} []
[2017-04-20 01:03:12] backlog.INFO: 2017-04-20 01:03:12http://localhost:81/eureclamo/admin/public/admin/canais/buscar.html|descricao = |empresa = |rod|4|rod@ig.com| {"date":"20/04/2017 01:03"} []
[2017-04-20 01:03:15] backlog.INFO: 2017-04-20 01:03:15http://localhost:81/eureclamo/admin/public/admin/canais/buscar.html|descricao = |empresa = 3|rod|4|rod@ig.com| {"date":"20/04/2017 01:03"} []
[2017-04-20 01:03:18] backlog.INFO: 2017-04-20 01:03:18http://localhost:81/eureclamo/admin/public/admin/canais/buscar.html|descricao = |empresa = 2|rod|4|rod@ig.com| {"date":"20/04/2017 01:03"} []
[2017-04-20 01:03:34] backlog.INFO: 2017-04-20 01:03:34http://localhost:81/eureclamo/admin/public/admin/canais/buscar.html|descricao = |empresa = 2|rod|4|rod@ig.com| {"date":"20/04/2017 01:03"} []
[2017-04-20 01:04:19] backlog.INFO: 2017-04-20 01:04:19http://localhost:81/eureclamo/admin/public/admin/canais/buscar.html|descricao = |empresa = |rod|4|rod@ig.com| {"date":"20/04/2017 01:04"} []
[2017-04-20 01:04:57] backlog.INFO: 2017-04-20 01:04:57http://localhost:81/eureclamo/admin/public/admin/canais/buscar.html|descricao = |empresa = |rod|4|rod@ig.com| {"date":"20/04/2017 01:04"} []
[2017-04-20 01:05:21] backlog.INFO: 2017-04-20 01:05:21http://localhost:81/eureclamo/admin/public/admin/canais/buscar.html|descricao = |empresa = |rod|4|rod@ig.com| {"date":"20/04/2017 01:05"} []
[2017-04-20 01:05:27] backlog.INFO: 2017-04-20 01:05:27http://localhost:81/eureclamo/admin/public/admin/canais/9/detalhescanal.html|rod|4|rod@ig.com| {"date":"20/04/2017 01:05"} []
[2017-04-20 01:05:34] backlog.INFO: 2017-04-20 01:05:34http://localhost:81/eureclamo/admin/public/admin/canais/buscar.html|rod|4|rod@ig.com| {"date":"20/04/2017 01:05"} []
[2017-04-20 01:05:38] backlog.INFO: 2017-04-20 01:05:38http://localhost:81/eureclamo/admin/public/admin/canais/buscar.html|descricao = |empresa = |rod|4|rod@ig.com| {"date":"20/04/2017 01:05"} []
[2017-04-20 01:06:11] backlog.INFO: 2017-04-20 01:06:11http://localhost:81/eureclamo/admin/public/admin/canais/buscar.html|rod|4|rod@ig.com| {"date":"20/04/2017 01:06"} []
[2017-04-20 01:07:50] backlog.INFO: 2017-04-20 01:07:50http://localhost:81/eureclamo/admin/public/admin/canais/buscar.html|rod|4|rod@ig.com| {"date":"20/04/2017 01:07"} []
[2017-04-20 01:07:54] backlog.INFO: 2017-04-20 01:07:54http://localhost:81/eureclamo/admin/public/admin/tipo/cadastrar.html|rod|4|rod@ig.com| {"date":"20/04/2017 01:07"} []
[2017-04-20 00:18:03] backlog.INFO: 2017-04-20 00:18:03http://localhost:81/eureclamo/admin/public/admin/tipo/cadastrar.html|rod|4|rod@ig.com| {"date":"20/04/2017 00:18"} []
[2017-04-20 00:18:35] backlog.INFO: 2017-04-20 00:18:35http://localhost:81/eureclamo/admin/public/admin/tipo/cadastrar.html|rod|4|rod@ig.com| {"date":"20/04/2017 00:18"} []
[2017-04-20 00:25:53] backlog.INFO: 2017-04-20 00:25:53http://localhost:81/eureclamo/admin/public/admin/tipo/cadastrar.html|tipo = Tipo teste|rod|4|rod@ig.com| {"date":"20/04/2017 00:25"} []
[2017-04-20 00:38:23] backlog.INFO: 2017-04-20 00:38:23http://localhost:81/eureclamo/admin/public/admin/tipo/buscar.html|rod|4|rod@ig.com| {"date":"20/04/2017 00:38"} []
[2017-04-20 00:38:24] backlog.INFO: 2017-04-20 00:38:24http://localhost:81/eureclamo/admin/public/admin/tipo/buscar.html|tipo = |rod|4|rod@ig.com| {"date":"20/04/2017 00:38"} []
[2017-04-20 22:28:08] backlog.INFO: 2017-04-20 22:28:08http://localhost:81/eureclamo/admin/public| {"date":"20/04/2017 22:28"} []
[2017-04-20 22:29:37] backlog.INFO: 2017-04-20 22:29:37http://localhost:81/eureclamo/admin/public|usuario = rod|password = 1122| {"date":"20/04/2017 22:29"} []
[2017-04-20 22:29:39] backlog.INFO: 2017-04-20 22:29:39http://localhost:81/eureclamo/admin/public/admin|rod|4|rod@ig.com| {"date":"20/04/2017 22:29"} []
[2017-04-20 21:59:21] backlog.INFO: 2017-04-20 21:59:21http://localhost:81/eureclamo/admin/public| {"date":"20/04/2017 21:59"} []
[2017-04-20 21:59:26] backlog.INFO: 2017-04-20 21:59:26http://localhost:81/eureclamo/admin/public|usuario = rod|password = 1122| {"date":"20/04/2017 21:59"} []
[2017-04-20 21:59:27] backlog.INFO: 2017-04-20 21:59:27http://localhost:81/eureclamo/admin/public/admin|rod|1|rodrigo@oul.com| {"date":"20/04/2017 21:59"} []
[2017-04-20 21:51:19] backlog.INFO: 2017-04-20 21:51:19http://localhost:81/eureclamo/admin/public/admin/empresa/cadastrar.html|rod|1|rodrigo@oul.com| {"date":"20/04/2017 21:51"} []
[2017-04-20 21:51:28] backlog.INFO: 2017-04-20 21:51:28http://localhost:81/eureclamo/admin/public/admin/empresa/cadastrar.html|razao = Teste|fantasia = testando aqui|cnpj = 28837837|sigla = jduh|rod|1|rodrigo@oul.com| {"date":"20/04/2017 21:51"} []
[2017-04-20 21:51:32] backlog.INFO: 2017-04-20 21:51:32http://localhost:81/eureclamo/admin/public/admin/empresa/buscar.html|rod|1|rodrigo@oul.com| {"date":"20/04/2017 21:51"} []
[2017-04-20 21:51:34] backlog.INFO: 2017-04-20 21:51:34http://localhost:81/eureclamo/admin/public/admin/empresa/buscar.html|razao = |fantasia = |cnpj = |sigla = |rod|1|rodrigo@oul.com| {"date":"20/04/2017 21:51"} []
[2017-04-20 21:51:37] backlog.INFO: 2017-04-20 21:51:37http://localhost:81/eureclamo/admin/public/admin/empresa/1/detalhes.html|rod|1|rodrigo@oul.com| {"date":"20/04/2017 21:51"} []
[2017-04-20 21:51:43] backlog.INFO: 2017-04-20 21:51:43http://localhost:81/eureclamo/admin/public/admin/empresa/1/detalhes.html|razao = Teste mesmo|fantasia = testando aqui|cnpj = 28837837|sigla = e8e|idempresa = 1|rod|1|rodrigo@oul.com| {"date":"20/04/2017 21:51"} []
[2017-04-20 21:51:48] backlog.INFO: 2017-04-20 21:51:48http://localhost:81/eureclamo/admin/public/admin/empresa/buscar.html|rod|1|rodrigo@oul.com| {"date":"20/04/2017 21:51"} []
[2017-04-20 21:51:51] backlog.INFO: 2017-04-20 21:51:51http://localhost:81/eureclamo/admin/public/admin/empresa/buscar.html|rod|1|rodrigo@oul.com| {"date":"20/04/2017 21:51"} []
[2017-04-20 21:51:53] backlog.INFO: 2017-04-20 21:51:53http://localhost:81/eureclamo/admin/public/admin/empresa/buscar.html|razao = |fantasia = |cnpj = |sigla = |rod|1|rodrigo@oul.com| {"date":"20/04/2017 21:51"} []
[2017-04-20 21:54:12] backlog.INFO: 2017-04-20 21:54:12http://localhost:81/eureclamo/admin/public/admin/empresa/buscar.html|razao = |fantasia = |cnpj = |sigla = |rod|1|rodrigo@oul.com| {"date":"20/04/2017 21:54"} []
[2017-04-20 21:54:34] backlog.INFO: 2017-04-20 21:54:34http://localhost:81/eureclamo/admin/public/admin/canais/cadastrar.html|rod|1|rodrigo@oul.com| {"date":"20/04/2017 21:54"} []
[2017-04-20 21:58:41] backlog.INFO: 2017-04-20 21:58:41http://localhost:81/eureclamo/admin/public/admin/canais/cadastrar.html|rod|1|rodrigo@oul.com| {"date":"20/04/2017 21:58"} []
[2017-04-20 21:59:21] backlog.INFO: 2017-04-20 21:59:21http://localhost:81/eureclamo/admin/public/admin/canais/cadastrar_canal.html|canal = Canal 0001|empresa = 1|rod|1|rodrigo@oul.com| {"date":"20/04/2017 21:59"} []
[2017-04-20 21:59:35] backlog.INFO: 2017-04-20 21:59:35http://localhost:81/eureclamo/admin/public/admin/canais/buscar.html|rod|1|rodrigo@oul.com| {"date":"20/04/2017 21:59"} []
[2017-04-20 22:00:14] backlog.INFO: 2017-04-20 22:00:14http://localhost:81/eureclamo/admin/public/admin/canais/buscar.html|descricao = |empresa = |rod|1|rodrigo@oul.com| {"date":"20/04/2017 22:00"} []
[2017-04-20 22:03:04] backlog.INFO: 2017-04-20 22:03:04http://localhost:81/eureclamo/admin/public/admin/canais/buscar.html|descricao = |empresa = |rod|1|rodrigo@oul.com| {"date":"20/04/2017 22:03"} []
[2017-04-20 22:03:29] backlog.INFO: 2017-04-20 22:03:29http://localhost:81/eureclamo/admin/public/admin/canais/buscar.html|descricao = |empresa = |rod|1|rodrigo@oul.com| {"date":"20/04/2017 22:03"} []
[2017-04-20 22:04:08] backlog.INFO: 2017-04-20 22:04:08http://localhost:81/eureclamo/admin/public/admin/canais/buscar.html|descricao = |empresa = |rod|1|rodrigo@oul.com| {"date":"20/04/2017 22:04"} []
[2017-04-20 22:05:05] backlog.INFO: 2017-04-20 22:05:05http://localhost:81/eureclamo/admin/public/admin/canais/buscar.html|descricao = |empresa = |rod|1|rodrigo@oul.com| {"date":"20/04/2017 22:05"} []
[2017-04-20 22:05:11] backlog.INFO: 2017-04-20 22:05:11http://localhost:81/eureclamo/admin/public/admin/canais/1/detalhescanal.html|rod|1|rodrigo@oul.com| {"date":"20/04/2017 22:05"} []
[2017-04-20 22:06:41] backlog.INFO: 2017-04-20 22:06:40http://localhost:81/eureclamo/admin/public/admin/canais/1/detalhescanal.html|rod|1|rodrigo@oul.com| {"date":"20/04/2017 22:06"} []
[2017-04-20 22:07:38] backlog.INFO: 2017-04-20 22:07:38http://localhost:81/eureclamo/admin/public/admin/canais/1/detalhescanal.html|canal = Canal 0001|empresa = 1|status = 0|idcanal = 1|rod|1|rodrigo@oul.com| {"date":"20/04/2017 22:07"} []
[2017-04-20 22:07:43] backlog.INFO: 2017-04-20 22:07:43http://localhost:81/eureclamo/admin/public/admin/canais/buscar.html|rod|1|rodrigo@oul.com| {"date":"20/04/2017 22:07"} []
[2017-04-20 22:07:47] backlog.INFO: 2017-04-20 22:07:47http://localhost:81/eureclamo/admin/public/admin/canais/buscar.html|descricao = |empresa = |rod|1|rodrigo@oul.com| {"date":"20/04/2017 22:07"} []
[2017-04-20 22:07:52] backlog.INFO: 2017-04-20 22:07:52http://localhost:81/eureclamo/admin/public/admin/tipo/cadastrar.html|rod|1|rodrigo@oul.com| {"date":"20/04/2017 22:07"} []
[2017-04-20 22:26:50] backlog.INFO: 2017-04-20 22:26:50http://localhost:81/eureclamo/admin/public/admin/tipo/cadastrar.html|tipo = Tipo teste|rod|1|rodrigo@oul.com| {"date":"20/04/2017 22:26"} []
[2017-04-20 22:26:54] backlog.INFO: 2017-04-20 22:26:54http://localhost:81/eureclamo/admin/public/admin/tipo/cadastrar.html|tipo = Tipo 002|rod|1|rodrigo@oul.com| {"date":"20/04/2017 22:26"} []
[2017-04-20 22:26:58] backlog.INFO: 2017-04-20 22:26:58http://localhost:81/eureclamo/admin/public/admin/tipo/buscar.html|rod|1|rodrigo@oul.com| {"date":"20/04/2017 22:26"} []
[2017-04-20 21:47:38] backlog.INFO: 2017-04-20 21:47:38http://localhost:81/eureclamo/admin/public/admin/tipo/buscar.html|rod|1|rodrigo@oul.com| {"date":"20/04/2017 21:47"} []
[2017-04-20 21:47:40] backlog.INFO: 2017-04-20 21:47:40http://localhost:81/eureclamo/admin/public/admin/tipo/buscar.html|tipo = |rod|1|rodrigo@oul.com| {"date":"20/04/2017 21:47"} []
[2017-04-20 22:22:37] backlog.INFO: 2017-04-20 22:22:32http://localhost:81/eureclamo/admin/public|rod|1|rodrigo@oul.com| {"date":"20/04/2017 22:22"} []
[2017-04-20 22:24:45] backlog.INFO: 2017-04-20 22:24:45http://localhost:81/eureclamo/admin/public|usuario = rod|password = 1122|rod|1|rodrigo@oul.com| {"date":"20/04/2017 22:24"} []
[2017-04-20 22:24:46] backlog.INFO: 2017-04-20 22:24:46http://localhost:81/eureclamo/admin/public/admin|rod|1|rodrigo@oul.com| {"date":"20/04/2017 22:24"} []
[2017-04-20 22:36:55] backlog.INFO: 2017-04-20 22:36:55http://localhost:81/eureclamo/admin/public/admin|rod|1|rodrigo@oul.com| {"date":"20/04/2017 22:36"} []
[2017-04-20 21:57:24] backlog.INFO: 2017-04-20 21:57:24http://localhost:81/eureclamo/admin/public/admin|rod|1|rodrigo@oul.com| {"date":"20/04/2017 21:57"} []
[2017-04-20 22:10:47] backlog.INFO: 2017-04-20 22:10:47http://localhost:81/eureclamo/admin/public/admin/prazo/adicionar.html|rod|1|rodrigo@oul.com| {"date":"20/04/2017 22:10"} []
[2017-04-20 22:11:36] backlog.INFO: 2017-04-20 22:11:36http://localhost:81/eureclamo/admin/public/admin/prazo/adicionar.html|rod|1|rodrigo@oul.com| {"date":"20/04/2017 22:11"} []
[2017-04-20 22:17:27] backlog.INFO: 2017-04-20 22:17:27http://localhost:81/eureclamo/admin/public/admin/canais/buscarcanal.html?idempresa=1|idempresa = 1|rod|1|rodrigo@oul.com| {"date":"20/04/2017 22:17"} []
[2017-04-27 22:51:21] backlog.INFO: 2017-04-27 22:51:21http://localhost:81/eureclamo/admin/public| {"date":"27/04/2017 22:51"} []
[2017-04-27 22:51:21] backlog.INFO: 2017-04-27 22:51:21http://localhost:81/eureclamo/admin/public| {"date":"27/04/2017 22:51"} []
[2017-04-27 22:52:36] backlog.INFO: 2017-04-27 22:52:36http://localhost:81/eureclamo/admin/public|usuario = rod|password = 1122| {"date":"27/04/2017 22:52"} []
[2017-04-27 22:52:37] backlog.INFO: 2017-04-27 22:52:37http://localhost:81/eureclamo/admin/public/admin|rod|1|rodrigo@oul.com| {"date":"27/04/2017 22:52"} []
[2017-04-27 22:54:58] backlog.INFO: 2017-04-27 22:54:58http://localhost:81/eureclamo/admin/public/admin/prazo/adicionar.html|rod|1|rodrigo@oul.com| {"date":"27/04/2017 22:54"} []
[2017-04-27 22:55:02] backlog.INFO: 2017-04-27 22:55:01http://localhost:81/eureclamo/admin/public/admin/canais/buscarcanal.html?idempresa=1|idempresa = 1|rod|1|rodrigo@oul.com| {"date":"27/04/2017 22:55"} []
[2017-04-27 22:55:06] backlog.INFO: 2017-04-27 22:55:06http://localhost:81/eureclamo/admin/public/admin/tipo/buscar.html|rod|1|rodrigo@oul.com| {"date":"27/04/2017 22:55"} []
[2017-04-27 22:55:08] backlog.INFO: 2017-04-27 22:55:08http://localhost:81/eureclamo/admin/public/admin/tipo/buscar.html|tipo = |rod|1|rodrigo@oul.com| {"date":"27/04/2017 22:55"} []
[2017-04-27 22:55:18] backlog.INFO: 2017-04-27 22:55:18http://localhost:81/eureclamo/admin/public/admin/tipo/cadastrar.html|rod|1|rodrigo@oul.com| {"date":"27/04/2017 22:55"} []
[2017-04-27 22:55:21] backlog.INFO: 2017-04-27 22:55:21http://localhost:81/eureclamo/admin/public/admin/tipo/cadastrar.html|tipo = AABB|rod|1|rodrigo@oul.com| {"date":"27/04/2017 22:55"} []
[2017-04-27 22:55:25] backlog.INFO: 2017-04-27 22:55:25http://localhost:81/eureclamo/admin/public/admin/tipo/buscar.html|rod|1|rodrigo@oul.com| {"date":"27/04/2017 22:55"} []
[2017-04-27 22:55:57] backlog.INFO: 2017-04-27 22:55:57http://localhost:81/eureclamo/admin/public/admin/tipo/buscar.html|tipo = |rod|1|rodrigo@oul.com| {"date":"27/04/2017 22:55"} []
[2017-04-27 22:56:26] backlog.INFO: 2017-04-27 22:56:26http://localhost:81/eureclamo/admin/public/admin/tipo/buscar.html|rod|1|rodrigo@oul.com| {"date":"27/04/2017 22:56"} []
[2017-04-27 22:57:25] backlog.INFO: 2017-04-27 22:57:25http://localhost:81/eureclamo/admin/public/admin/tipo/buscar.html|tipo = |rod|1|rodrigo@oul.com| {"date":"27/04/2017 22:57"} []
[2017-04-27 22:57:26] backlog.INFO: 2017-04-27 22:57:26http://localhost:81/eureclamo/admin/public/admin/tipo/buscar.html|tipo = A|rod|1|rodrigo@oul.com| {"date":"27/04/2017 22:57"} []
[2017-04-27 22:57:30] backlog.INFO: 2017-04-27 22:57:30http://localhost:81/eureclamo/admin/public/admin/tipo/buscar.html|tipo = T|rod|1|rodrigo@oul.com| {"date":"27/04/2017 22:57"} []
[2017-04-27 22:57:45] backlog.INFO: 2017-04-27 22:57:45http://localhost:81/eureclamo/admin/public/admin/tipo/buscar.html|tipo = AABB|rod|1|rodrigo@oul.com| {"date":"27/04/2017 22:57"} []
[2017-04-27 22:57:58] backlog.INFO: 2017-04-27 22:57:58http://localhost:81/eureclamo/admin/public/admin/tipo/buscar.html|tipo = AABB|rod|1|rodrigo@oul.com| {"date":"27/04/2017 22:57"} []
[2017-04-27 22:58:13] backlog.INFO: 2017-04-27 22:58:13http://localhost:81/eureclamo/admin/public/admin/tipo/buscar.html|tipo = A|rod|1|rodrigo@oul.com| {"date":"27/04/2017 22:58"} []
[2017-04-27 22:58:16] backlog.INFO: 2017-04-27 22:58:16http://localhost:81/eureclamo/admin/public/admin/tipo/buscar.html|tipo = T|rod|1|rodrigo@oul.com| {"date":"27/04/2017 22:58"} []
[2017-04-27 22:58:18] backlog.INFO: 2017-04-27 22:58:18http://localhost:81/eureclamo/admin/public/admin/tipo/buscar.html|tipo = wq|rod|1|rodrigo@oul.com| {"date":"27/04/2017 22:58"} []
[2017-04-27 23:02:14] backlog.INFO: 2017-04-27 23:02:14http://localhost:81/eureclamo/admin/public/admin/tipo/buscar.html|tipo = |rod|1|rodrigo@oul.com| {"date":"27/04/2017 23:02"} []
[2017-04-27 23:05:39] backlog.INFO: 2017-04-27 23:05:39http://localhost:81/eureclamo/admin/public/admin/tipo/1/detalhes.html|rod|1|rodrigo@oul.com| {"date":"27/04/2017 23:05"} []
[2017-04-27 23:07:28] backlog.INFO: 2017-04-27 23:07:28http://localhost:81/eureclamo/admin/public/admin/tipo/1/detalhes.html|rod|1|rodrigo@oul.com| {"date":"27/04/2017 23:07"} []
[2017-04-27 23:09:11] backlog.INFO: 2017-04-27 23:09:11http://localhost:81/eureclamo/admin/public/admin/tipo/%7Bid%7D/detalhes.html|tipo = Tipo teste TESTANDO|rod|1|rodrigo@oul.com| {"date":"27/04/2017 23:09"} []
[2017-04-27 23:09:24] backlog.INFO: 2017-04-27 23:09:24http://localhost:81/eureclamo/admin/public/admin/tipo/1/detalhes.html|rod|1|rodrigo@oul.com| {"date":"27/04/2017 23:09"} []
[2017-04-27 23:09:27] backlog.INFO: 2017-04-27 23:09:27http://localhost:81/eureclamo/admin/public/admin/tipo/1/detalhes.html|tipo = Tipo teste TESTANDO|rod|1|rodrigo@oul.com| {"date":"27/04/2017 23:09"} []
[2017-04-27 23:09:31] backlog.INFO: 2017-04-27 23:09:31http://localhost:81/eureclamo/admin/public/admin/tipo/buscar.html|rod|1|rodrigo@oul.com| {"date":"27/04/2017 23:09"} []
[2017-04-27 23:09:33] backlog.INFO: 2017-04-27 23:09:33http://localhost:81/eureclamo/admin/public/admin/tipo/buscar.html|tipo = |rod|1|rodrigo@oul.com| {"date":"27/04/2017 23:09"} []
[2017-04-27 23:10:02] backlog.INFO: 2017-04-27 23:09:59http://localhost:81/eureclamo/admin/public|rod|1|rodrigo@oul.com| {"date":"27/04/2017 23:10"} []
[2017-04-27 23:10:06] backlog.INFO: 2017-04-27 23:10:06http://localhost:81/eureclamo/admin/public|usuario = rod|password = 1122|rod|1|rodrigo@oul.com| {"date":"27/04/2017 23:10"} []
[2017-04-27 23:10:07] backlog.INFO: 2017-04-27 23:10:07http://localhost:81/eureclamo/admin/public/admin|rod|1|rodrigo@oul.com| {"date":"27/04/2017 23:10"} []
[2017-04-27 23:10:22] backlog.INFO: 2017-04-27 23:10:22http://localhost:81/eureclamo/admin/public/admin/tipo/buscar.html|rod|1|rodrigo@oul.com| {"date":"27/04/2017 23:10"} []
[2017-04-27 23:10:23] backlog.INFO: 2017-04-27 23:10:23http://localhost:81/eureclamo/admin/public/admin/tipo/buscar.html|tipo = |rod|1|rodrigo@oul.com| {"date":"27/04/2017 23:10"} []
[2017-04-27 22:52:46] backlog.INFO: 2017-04-27 22:52:46http://localhost:81/eureclamo/admin/public/admin/tipo/buscar.html|tipo = |rod|1|rodrigo@oul.com| {"date":"27/04/2017 22:52"} []
[2017-04-27 22:52:51] backlog.INFO: 2017-04-27 22:52:51http://localhost:81/eureclamo/admin/public/admin/tipo/2/excluir.html|rod|1|rodrigo@oul.com| {"date":"27/04/2017 22:52"} []
[2017-04-27 22:52:53] backlog.INFO: 2017-04-27 22:52:53http://localhost:81/eureclamo/admin/public/admin/tipo/buscar.html|tipo = |rod|1|rodrigo@oul.com| {"date":"27/04/2017 22:52"} []
[2017-04-27 22:52:58] backlog.INFO: 2017-04-27 22:52:58http://localhost:81/eureclamo/admin/public/admin/prazo/adicionar.html|rod|1|rodrigo@oul.com| {"date":"27/04/2017 22:52"} []
[2017-04-27 23:17:46] backlog.INFO: 2017-04-27 23:17:46http://localhost:81/eureclamo/admin/public/admin/empresa/produto/cadastrar.html|rod|1|rodrigo@oul.com| {"date":"27/04/2017 23:17"} []
[2017-04-27 23:20:46] backlog.INFO: 2017-04-27 23:20:46http://localhost:81/eureclamo/admin/public/admin/empresa/produto/cadastrar.html|rod|1|rodrigo@oul.com| {"date":"27/04/2017 23:20"} []
[2017-04-27 23:21:23] backlog.INFO: 2017-04-27 23:21:23http://localhost:81/eureclamo/admin/public/admin/empresa/produto/cadastrar.html|rod|1|rodrigo@oul.com| {"date":"27/04/2017 23:21"} []
[2017-04-27 23:21:34] backlog.INFO: 2017-04-27 23:21:34http://localhost:81/eureclamo/admin/public/admin/empresa/produto/cadastrar.html|rod|1|rodrigo@oul.com| {"date":"27/04/2017 23:21"} []
[2017-04-27 23:22:05] backlog.INFO: 2017-04-27 23:22:05http://localhost:81/eureclamo/admin/public/admin/empresa/produto/cadastrar.html|rod|1|rodrigo@oul.com| {"date":"27/04/2017 23:22"} []
[2017-04-27 23:26:25] backlog.INFO: 2017-04-27 23:26:25http://localhost:81/eureclamo/admin/public/admin/empresa/produto/cadastrar.html|rod|1|rodrigo@oul.com| {"date":"27/04/2017 23:26"} []
[2017-04-27 23:27:28] backlog.INFO: 2017-04-27 23:27:28http://localhost:81/eureclamo/admin/public/admin/empresa/produto/cadastrar.html|rod|1|rodrigo@oul.com| {"date":"27/04/2017 23:27"} []
[2017-04-27 23:27:49] backlog.INFO: 2017-04-27 23:27:49http://localhost:81/eureclamo/admin/public/admin/empresa/produto/cadastrar.html|nome = dwqdw|grupo = dwqd|descricao = |rod|1|rodrigo@oul.com| {"date":"27/04/2017 23:27"} []
[2017-04-27 23:27:58] backlog.INFO: 2017-04-27 23:27:58http://localhost:81/eureclamo/admin/public/admin/empresa/produto/cadastrar.html|rod|1|rodrigo@oul.com| {"date":"27/04/2017 23:27"} []
[2017-04-27 23:28:00] backlog.INFO: 2017-04-27 23:28:00http://localhost:81/eureclamo/admin/public/admin/empresa/produto/cadastrar.html|rod|1|rodrigo@oul.com| {"date":"27/04/2017 23:28"} []
[2017-04-27 23:28:03] backlog.INFO: 2017-04-27 23:28:03http://localhost:81/eureclamo/admin/public/admin/empresa/produto/cadastrar.html|nome = wdwef|grupo = fewf|descricao = wfew|rod|1|rodrigo@oul.com| {"date":"27/04/2017 23:28"} []
[2017-04-27 23:28:05] backlog.INFO: 2017-04-27 23:28:05http://localhost:81/eureclamo/admin/public/admin/empresa/produto/cadastrar.html|rod|1|rodrigo@oul.com| {"date":"27/04/2017 23:28"} []
[2017-04-27 23:28:25] backlog.INFO: 2017-04-27 23:28:25http://localhost:81/eureclamo/admin/public/admin/empresa/produto/cadastrar.html|rod|1|rodrigo@oul.com| {"date":"27/04/2017 23:28"} []
[2017-04-27 23:28:29] backlog.INFO: 2017-04-27 23:28:29http://localhost:81/eureclamo/admin/public/admin/empresa/produto/cadastrar.html|nome = cewf|grupo = fewf|descricao = fewf|empresas = 1|rod|1|rodrigo@oul.com| {"date":"27/04/2017 23:28"} []
[2017-04-27 23:28:39] backlog.INFO: 2017-04-27 23:28:39http://localhost:81/eureclamo/admin/public/admin/empresa/produto/cadastrar.html|nome = cewf|grupo = fewf|descricao = fewf|empresas = 1|rod|1|rodrigo@oul.com| {"date":"27/04/2017 23:28"} []
[2017-04-27 23:28:41] backlog.INFO: 2017-04-27 23:28:41http://localhost:81/eureclamo/admin/public/admin/empresa/produto/cadastrar.html|rod|1|rodrigo@oul.com| {"date":"27/04/2017 23:28"} []
[2017-04-27 23:28:44] backlog.INFO: 2017-04-27 23:28:44http://localhost:81/eureclamo/admin/public/admin/empresa/cadastrar.html|rod|1|rodrigo@oul.com| {"date":"27/04/2017 23:28"} []
[2017-04-27 23:28:54] backlog.INFO: 2017-04-27 23:28:54http://localhost:81/eureclamo/admin/public/admin/empresa/cadastrar.html|razao = wddq|fantasia = dqdq|cnpj = 2132131|sigla = sdad|rod|1|rodrigo@oul.com| {"date":"27/04/2017 23:28"} []
[2017-04-27 23:30:17] backlog.INFO: 2017-04-27 23:30:17http://localhost:81/eureclamo/admin/public/admin/empresa/produto/cadastrar.html|rod|1|rodrigo@oul.com| {"date":"27/04/2017 23:30"} []
[2017-04-27 23:30:21] backlog.INFO: 2017-04-27 23:30:21http://localhost:81/eureclamo/admin/public/admin/empresa/produto/cadastrar.html|nome = feff|grupo = fewfwe|descricao = few|empresas = 1|rod|1|rodrigo@oul.com| {"date":"27/04/2017 23:30"} []
[2017-04-27 23:30:23] backlog.INFO: 2017-04-27 23:30:23http://localhost:81/eureclamo/admin/public/admin/empresa/produto/cadastrar.html|rod|1|rodrigo@oul.com| {"date":"27/04/2017 23:30"} []
[2017-04-27 23:30:30] backlog.INFO: 2017-04-27 23:30:30http://localhost:81/eureclamo/admin/public/admin/empresa/produto/cadastrar.html|rod|1|rodrigo@oul.com| {"date":"27/04/2017 23:30"} []
[2017-04-27 23:31:34] backlog.INFO: 2017-04-27 23:31:34http://localhost:81/eureclamo/admin/public/admin/empresa/produto/cadastrar.html|rod|1|rodrigo@oul.com| {"date":"27/04/2017 23:31"} []
[2017-04-27 23:35:14] backlog.INFO: 2017-04-27 23:35:14http://localhost:81/eureclamo/admin/public/admin/empresa/produto/cadastrar.html|rod|1|rodrigo@oul.com| {"date":"27/04/2017 23:35"} []
[2017-04-27 23:35:25] backlog.INFO: 2017-04-27 23:35:25http://localhost:81/eureclamo/admin/public/admin/empresa/produto/cadastrar.html|rod|1|rodrigo@oul.com| {"date":"27/04/2017 23:35"} []
[2017-04-27 23:37:11] backlog.INFO: 2017-04-27 23:37:11http://localhost:81/eureclamo/admin/public/admin/empresa/produto/cadastrar.html|rod|1|rodrigo@oul.com| {"date":"27/04/2017 23:37"} []
[2017-04-27 23:37:14] backlog.INFO: 2017-04-27 23:37:14http://localhost:81/eureclamo/admin/public/admin/empresa/produto/cadastrar.html|nome = dwqdq|grupo = dwqd|descricao = qd|rod|1|rodrigo@oul.com| {"date":"27/04/2017 23:37"} []
[2017-04-27 23:37:18] backlog.INFO: 2017-04-27 23:37:18http://localhost:81/eureclamo/admin/public/admin/empresa/produto/cadastrar.html|rod|1|rodrigo@oul.com| {"date":"27/04/2017 23:37"} []
[2017-04-27 23:37:37] backlog.INFO: 2017-04-27 23:37:37http://localhost:81/eureclamo/admin/public/admin/empresa/produto/cadastrar.html|rod|1|rodrigo@oul.com| {"date":"27/04/2017 23:37"} []
[2017-04-27 23:38:38] backlog.INFO: 2017-04-27 23:38:38http://localhost:81/eureclamo/admin/public/admin/empresa/produto/cadastrar.html|rod|1|rodrigo@oul.com| {"date":"27/04/2017 23:38"} []
[2017-04-27 23:39:59] backlog.INFO: 2017-04-27 23:39:59http://localhost:81/eureclamo/admin/public/admin/empresa/produto/cadastrar.html|rod|1|rodrigo@oul.com| {"date":"27/04/2017 23:39"} []
[2017-04-27 23:40:39] backlog.INFO: 2017-04-27 23:40:39http://localhost:81/eureclamo/admin/public/admin/empresa/produto/cadastrar.html|rod|1|rodrigo@oul.com| {"date":"27/04/2017 23:40"} []
[2017-04-27 23:41:57] backlog.INFO: 2017-04-27 23:41:57http://localhost:81/eureclamo/admin/public/admin/empresa/produto/cadastrar.html|rod|1|rodrigo@oul.com| {"date":"27/04/2017 23:41"} []
[2017-04-27 23:42:02] backlog.INFO: 2017-04-27 23:42:02http://localhost:81/eureclamo/admin/public/admin/empresa/produto/cadastrar.html|nome = dwq|grupo = dwqdq|descricao = |empresas = 1|rod|1|rodrigo@oul.com| {"date":"27/04/2017 23:42"} []
[2017-04-27 23:42:13] backlog.INFO: 2017-04-27 23:42:13http://localhost:81/eureclamo/admin/public/admin/empresa/produto/cadastrar.html|nome = dwq|grupo = dwqdq|descricao = |empresas = 1|rod|1|rodrigo@oul.com| {"date":"27/04/2017 23:42"} []
[2017-04-27 23:42:16] backlog.INFO: 2017-04-27 23:42:16http://localhost:81/eureclamo/admin/public/admin/empresa/produto/cadastrar.html|rod|1|rodrigo@oul.com| {"date":"27/04/2017 23:42"} []
[2017-04-27 23:42:19] backlog.INFO: 2017-04-27 23:42:19http://localhost:81/eureclamo/admin/public/admin/empresa/produto/cadastrar.html|nome = dwq|grupo = dwqdq|descricao = |empresas = 2|rod|1|rodrigo@oul.com| {"date":"27/04/2017 23:42"} []
[2017-04-27 23:42:20] backlog.INFO: 2017-04-27 23:42:20http://localhost:81/eureclamo/admin/public/admin/empresa/produto/cadastrar.html|rod|1|rodrigo@oul.com| {"date":"27/04/2017 23:42"} []
[2017-04-27 23:42:23] backlog.INFO: 2017-04-27 23:42:23http://localhost:81/eureclamo/admin/public/admin/empresa/produto/cadastrar.html|nome = dwq|grupo = dwqdq|descricao = |empresas = 1|rod|1|rodrigo@oul.com| {"date":"27/04/2017 23:42"} []
[2017-04-27 23:42:28] backlog.INFO: 2017-04-27 23:42:28http://localhost:81/eureclamo/admin/public/admin/empresa/produto/cadastrar.html|nome = dwq|grupo = dwqdq|descricao = |empresas = 1|rod|1|rodrigo@oul.com| {"date":"27/04/2017 23:42"} []
[2017-04-27 23:42:40] backlog.INFO: 2017-04-27 23:42:40http://localhost:81/eureclamo/admin/public/admin/empresa/produto/cadastrar.html|rod|1|rodrigo@oul.com| {"date":"27/04/2017 23:42"} []
[2017-04-27 23:42:45] backlog.INFO: 2017-04-27 23:42:45http://localhost:81/eureclamo/admin/public/admin/empresa/produto/cadastrar.html|rod|1|rodrigo@oul.com| {"date":"27/04/2017 23:42"} []
[2017-04-27 22:43:22] backlog.INFO: 2017-04-27 22:43:22http://localhost:81/eureclamo/admin/public/admin/empresa/produto/cadastrar.html|rod|1|rodrigo@oul.com| {"date":"27/04/2017 22:43"} []
[2017-04-27 22:43:28] backlog.INFO: 2017-04-27 22:43:28http://localhost:81/eureclamo/admin/public/admin/empresa/produto/cadastrar.html|nome = vew|grupo = def|descricao = |rod|1|rodrigo@oul.com| {"date":"27/04/2017 22:43"} []
[2017-04-27 22:43:30] backlog.INFO: 2017-04-27 22:43:30http://localhost:81/eureclamo/admin/public/admin/empresa/produto/cadastrar.html|rod|1|rodrigo@oul.com| {"date":"27/04/2017 22:43"} []
[2017-04-27 22:43:39] backlog.INFO: 2017-04-27 22:43:39http://localhost:81/eureclamo/admin/public/admin/empresa/produto/cadastrar.html|rod|1|rodrigo@oul.com| {"date":"27/04/2017 22:43"} []
[2017-04-27 22:47:27] backlog.INFO: 2017-04-27 22:47:27http://localhost:81/eureclamo/admin/public/admin/empresa/produto/cadastrar.html|rod|1|rodrigo@oul.com| {"date":"27/04/2017 22:47"} []
[2017-04-27 22:47:29] backlog.INFO: 2017-04-27 22:47:29http://localhost:81/eureclamo/admin/public/admin/empresa/produto/cadastrar.html|rod|1|rodrigo@oul.com| {"date":"27/04/2017 22:47"} []
[2017-04-27 22:48:03] backlog.INFO: 2017-04-27 22:48:03http://localhost:81/eureclamo/admin/public/admin/empresa/produto/cadastrar.html|nome = fewffw|grupo = fewf|descricao = fwf|rod|1|rodrigo@oul.com| {"date":"27/04/2017 22:48"} []
[2017-04-27 22:48:07] backlog.INFO: 2017-04-27 22:48:07http://localhost:81/eureclamo/admin/public/admin/empresa/produto/cadastrar.html|rod|1|rodrigo@oul.com| {"date":"27/04/2017 22:48"} []
[2017-04-27 22:50:38] backlog.INFO: 2017-04-27 22:50:38http://localhost:81/eureclamo/admin/public/admin/empresa/produto/cadastrar.html|rod|1|rodrigo@oul.com| {"date":"27/04/2017 22:50"} []
[2017-04-27 22:50:42] backlog.INFO: 2017-04-27 22:50:42http://localhost:81/eureclamo/admin/public/admin/empresa/produto/cadastrar.html|nome = dwqd|grupo = dwdq|descricao = dwq|empresas = 2 1|rod|1|rodrigo@oul.com| {"date":"27/04/2017 22:50"} []
[2017-04-27 22:50:49] backlog.INFO: 2017-04-27 22:50:49http://localhost:81/eureclamo/admin/public/admin/empresa/produto/cadastrar.html|nome = dwqd|grupo = dwdq|descricao = dwq|empresas = 2 1|rod|1|rodrigo@oul.com| {"date":"27/04/2017 22:50"} []
[2017-04-27 23:06:12] backlog.INFO: 2017-04-27 23:06:12http://localhost:81/eureclamo/admin/public/admin/empresa/produto/cadastrar.html|rod|1|rodrigo@oul.com| {"date":"27/04/2017 23:06"} []
[2017-04-27 23:08:20] backlog.INFO: 2017-04-27 23:08:20http://localhost:81/eureclamo/admin/public/admin/empresa/produto/cadastrar.html|rod|1|rodrigo@oul.com| {"date":"27/04/2017 23:08"} []
[2017-04-27 23:08:25] backlog.INFO: 2017-04-27 23:08:25http://localhost:81/eureclamo/admin/public/admin/empresa/produto/cadastrar.html|rod|1|rodrigo@oul.com| {"date":"27/04/2017 23:08"} []
[2017-04-27 23:11:35] backlog.INFO: 2017-04-27 23:11:35http://localhost:81/eureclamo/admin/public/admin/empresa/produto/cadastrar.html|rod|1|rodrigo@oul.com| {"date":"27/04/2017 23:11"} []
[2017-04-27 23:11:38] backlog.INFO: 2017-04-27 23:11:38http://localhost:81/eureclamo/admin/public/admin/empresa/produto/buscar.html|rod|1|rodrigo@oul.com| {"date":"27/04/2017 23:11"} []
[2017-04-27 23:15:33] backlog.INFO: 2017-04-27 23:15:33http://localhost:81/eureclamo/admin/public/admin/empresa/produto/buscar.html|rod|1|rodrigo@oul.com| {"date":"27/04/2017 23:15"} []
[2017-04-27 23:39:40] backlog.INFO: 2017-04-27 23:39:40http://localhost:81/eureclamo/admin/public/admin/empresa/produto/buscar.html|nome = |grupo = |empresa = |rod|1|rodrigo@oul.com| {"date":"27/04/2017 23:39"} []
[2017-04-29 22:50:51] backlog.INFO: 2017-04-29 22:50:51http://localhost:81/eureclamo/admin/public| {"date":"29/04/2017 22:50"} []
[2017-04-29 22:50:56] backlog.INFO: 2017-04-29 22:50:56http://localhost:81/eureclamo/admin/public|usuario = rod|password = 1122| {"date":"29/04/2017 22:50"} []
[2017-04-29 22:50:56] backlog.INFO: 2017-04-29 22:50:56http://localhost:81/eureclamo/admin/public/admin|rod|1|rodrigo@oul.com| {"date":"29/04/2017 22:50"} []
[2017-04-29 22:51:12] backlog.INFO: 2017-04-29 22:51:12http://localhost:81/eureclamo/admin/public/admin/empresa/produto/buscar.html|rod|1|rodrigo@oul.com| {"date":"29/04/2017 22:51"} []
[2017-04-29 22:51:18] backlog.INFO: 2017-04-29 22:51:18http://localhost:81/eureclamo/admin/public/admin/empresa/produto/buscar.html|nome = d|grupo = |empresa = |rod|1|rodrigo@oul.com| {"date":"29/04/2017 22:51"} []
[2017-04-29 22:51:24] backlog.INFO: 2017-04-29 22:51:24http://localhost:81/eureclamo/admin/public/admin/empresa/produto/buscar.html|nome = cewew|grupo = |empresa = |rod|1|rodrigo@oul.com| {"date":"29/04/2017 22:51"} []
[2017-04-29 22:51:46] backlog.INFO: 2017-04-29 22:51:46http://localhost:81/eureclamo/admin/public/admin/empresa/produto/buscar.html|nome = |grupo = |empresa = |rod|1|rodrigo@oul.com| {"date":"29/04/2017 22:51"} []
[2017-04-29 22:51:56] backlog.INFO: 2017-04-29 22:51:56http://localhost:81/eureclamo/admin/public/admin/empresa/produto/cadastrar.html|rod|1|rodrigo@oul.com| {"date":"29/04/2017 22:51"} []
[2017-04-29 22:52:05] backlog.INFO: 2017-04-29 22:52:05http://localhost:81/eureclamo/admin/public/admin/empresa/produto/cadastrar.html|nome = fefwfw|grupo = vv|descricao = ewffw|empresas = 2 1|rod|1|rodrigo@oul.com| {"date":"29/04/2017 22:52"} []
[2017-04-29 22:52:10] backlog.INFO: 2017-04-29 22:52:10http://localhost:81/eureclamo/admin/public/admin/empresa/produto/buscar.html|rod|1|rodrigo@oul.com| {"date":"29/04/2017 22:52"} []
[2017-04-29 22:52:11] backlog.INFO: 2017-04-29 22:52:11http://localhost:81/eureclamo/admin/public/admin/empresa/produto/buscar.html|nome = |grupo = |empresa = |rod|1|rodrigo@oul.com| {"date":"29/04/2017 22:52"} []
[2017-04-29 22:52:37] backlog.INFO: 2017-04-29 22:52:37http://localhost:81/eureclamo/admin/public/admin/empresa/produto/buscar.html|nome = |grupo = |empresa = |rod|1|rodrigo@oul.com| {"date":"29/04/2017 22:52"} []
[2017-04-29 22:52:43] backlog.INFO: 2017-04-29 22:52:43http://localhost:81/eureclamo/admin/public/admin/empresa/produto/buscar.html|nome = |grupo = |empresa = 2|rod|1|rodrigo@oul.com| {"date":"29/04/2017 22:52"} []
[2017-04-29 22:52:46] backlog.INFO: 2017-04-29 22:52:46http://localhost:81/eureclamo/admin/public/admin/empresa/produto/cadastrar.html|rod|1|rodrigo@oul.com| {"date":"29/04/2017 22:52"} []
[2017-04-29 22:52:50] backlog.INFO: 2017-04-29 22:52:50http://localhost:81/eureclamo/admin/public/admin/empresa/produto/cadastrar.html|nome = dwd|grupo = dwqd|descricao = ddq|empresas = 2|rod|1|rodrigo@oul.com| {"date":"29/04/2017 22:52"} []
[2017-04-29 22:52:52] backlog.INFO: 2017-04-29 22:52:52http://localhost:81/eureclamo/admin/public/admin/empresa/produto/buscar.html|rod|1|rodrigo@oul.com| {"date":"29/04/2017 22:52"} []
[2017-04-29 22:52:56] backlog.INFO: 2017-04-29 22:52:56http://localhost:81/eureclamo/admin/public/admin/empresa/produto/buscar.html|nome = |grupo = |empresa = 2|rod|1|rodrigo@oul.com| {"date":"29/04/2017 22:52"} []
[2017-04-29 22:53:00] backlog.INFO: 2017-04-29 22:53:00http://localhost:81/eureclamo/admin/public/admin/empresa/produto/buscar.html|nome = |grupo = |empresa = 1|rod|1|rodrigo@oul.com| {"date":"29/04/2017 22:53"} []
[2017-04-29 22:53:38] backlog.INFO: 2017-04-29 22:53:38http://localhost:81/eureclamo/admin/public/admin/prestador/servico/cadastrar.html|rod|1|rodrigo@oul.com| {"date":"29/04/2017 22:53"} []
[2017-04-29 22:56:00] backlog.INFO: 2017-04-29 22:56:00http://localhost:81/eureclamo/admin/public/admin/prestador/servico/cadastrar.html|rod|1|rodrigo@oul.com| {"date":"29/04/2017 22:56"} []
[2017-04-29 22:56:02] backlog.INFO: 2017-04-29 22:56:02http://localhost:81/eureclamo/admin/public/admin/prestador/servico/cadastrar.html|rod|1|rodrigo@oul.com| {"date":"29/04/2017 22:56"} []
[2017-04-29 22:56:05] backlog.INFO: 2017-04-29 22:56:05http://localhost:81/eureclamo/admin/public/admin/prestador/servico/cadastrar.html|rod|1|rodrigo@oul.com| {"date":"29/04/2017 22:56"} []
[2017-04-29 22:56:31] backlog.INFO: 2017-04-29 22:56:31http://localhost:81/eureclamo/admin/public/admin/prestador/servico/cadastrar.html|rod|1|rodrigo@oul.com| {"date":"29/04/2017 22:56"} []
[2017-04-29 22:57:53] backlog.INFO: 2017-04-29 22:57:53http://localhost:81/eureclamo/admin/public/admin/prestador/servico/cadastrar.html|rod|1|rodrigo@oul.com| {"date":"29/04/2017 22:57"} []
[2017-04-29 22:58:02] backlog.INFO: 2017-04-29 22:58:02http://localhost:81/eureclamo/admin/public/admin/prestador/servico/cadastrar.html|rod|1|rodrigo@oul.com| {"date":"29/04/2017 22:58"} []
[2017-04-29 22:58:17] backlog.INFO: 2017-04-29 22:58:17http://localhost:81/eureclamo/admin/public/admin/prestador/servico/cadastrar.html|rod|1|rodrigo@oul.com| {"date":"29/04/2017 22:58"} []
[2017-04-29 22:58:50] backlog.INFO: 2017-04-29 22:58:50http://localhost:81/eureclamo/admin/public/admin/prestador/servico/cadastrar.html|rod|1|rodrigo@oul.com| {"date":"29/04/2017 22:58"} []
[2017-04-29 22:59:07] backlog.INFO: 2017-04-29 22:59:07http://localhost:81/eureclamo/admin/public/admin/prestador/servico/cadastrar.html|rod|1|rodrigo@oul.com| {"date":"29/04/2017 22:59"} []
[2017-04-29 23:09:49] backlog.INFO: 2017-04-29 23:09:49http://localhost:81/eureclamo/admin/public/admin/prestador/servico/cadastrar.html|nome = cqdq|grupo = wqd|descricao = qdwq|empresa = 2|rod|1|rodrigo@oul.com| {"date":"29/04/2017 23:09"} []
[2017-04-29 23:10:12] backlog.INFO: 2017-04-29 23:10:12http://localhost:81/eureclamo/admin/public/admin/prestador/servico/cadastrar.html|nome = dwqd|grupo = dwqdq|descricao = dwqdqw|empresa = 2|rod|1|rodrigo@oul.com| {"date":"29/04/2017 23:10"} []
[2017-04-29 23:10:27] backlog.INFO: 2017-04-29 23:10:27http://localhost:81/eureclamo/admin/public/admin/prestador/servico/cadastrar.html|nome = dwqd|grupo = dwqd|descricao = dwqd|empresa = 1|rod|1|rodrigo@oul.com| {"date":"29/04/2017 23:10"} []
[2017-04-29 23:10:41] backlog.INFO: 2017-04-29 23:10:41http://localhost:81/eureclamo/admin/public/admin/prestador/servico/cadastrar.html|nome = aaaaa|grupo = dwqd|descricao = dwqdwq|empresa = 1|rod|1|rodrigo@oul.com| {"date":"29/04/2017 23:10"} []
[2017-04-29 23:11:21] backlog.INFO: 2017-04-29 23:11:21http://localhost:81/eureclamo/admin/public/admin/prestador/servico/cadastrar.html|rod|1|rodrigo@oul.com| {"date":"29/04/2017 23:11"} []
[2017-04-29 23:32:19] backlog.INFO: 2017-04-29 23:32:15http://localhost:81/eureclamo/admin/public|rod|1|rodrigo@oul.com| {"date":"29/04/2017 23:32"} []
[2017-04-29 23:34:04] backlog.INFO: 2017-04-29 23:34:04http://localhost:81/eureclamo/admin/public|usuario = rod|password = 1122|rod|1|rodrigo@oul.com| {"date":"29/04/2017 23:34"} []
[2017-04-29 23:34:05] backlog.INFO: 2017-04-29 23:34:05http://localhost:81/eureclamo/admin/public/admin|rod|1|rodrigo@oul.com| {"date":"29/04/2017 23:34"} []
[2017-04-29 23:34:16] backlog.INFO: 2017-04-29 23:34:15http://localhost:81/eureclamo/admin/public/admin/empresa/produto/cadastrar.html|rod|1|rodrigo@oul.com| {"date":"29/04/2017 23:34"} []
[2017-04-29 23:34:22] backlog.INFO: 2017-04-29 23:34:22http://localhost:81/eureclamo/admin/public/admin/empresa/produto/cadastrar.html|nome = dffeww|grupo = wfwf|descricao = ddwq|rod|1|rodrigo@oul.com| {"date":"29/04/2017 23:34"} []
[2017-04-29 23:34:27] backlog.INFO: 2017-04-29 23:34:26http://localhost:81/eureclamo/admin/public/admin/empresa/produto/cadastrar.html|nome = dqdwqd|grupo = wdqd|descricao = dwqdwq|rod|1|rodrigo@oul.com| {"date":"29/04/2017 23:34"} []
[2017-04-29 23:34:32] backlog.INFO: 2017-04-29 23:34:32http://localhost:81/eureclamo/admin/public/admin/empresa/produto/cadastrar.html|nome = dqdwef|grupo = ffewf|descricao = efwfew|empresas = 2 1|rod|1|rodrigo@oul.com| {"date":"29/04/2017 23:34"} []
[2017-04-29 23:34:35] backlog.INFO: 2017-04-29 23:34:35http://localhost:81/eureclamo/admin/public/admin/empresa/produto/buscar.html|rod|1|rodrigo@oul.com| {"date":"29/04/2017 23:34"} []
[2017-04-29 23:34:36] backlog.INFO: 2017-04-29 23:34:36http://localhost:81/eureclamo/admin/public/admin/empresa/produto/buscar.html|nome = |grupo = |empresa = |rod|1|rodrigo@oul.com| {"date":"29/04/2017 23:34"} []
[2017-04-29 23:34:49] backlog.INFO: 2017-04-29 23:34:49http://localhost:81/eureclamo/admin/public/admin/empresa/produto/cadastrar.html|rod|1|rodrigo@oul.com| {"date":"29/04/2017 23:34"} []
[2017-04-29 23:34:54] backlog.INFO: 2017-04-29 23:34:54http://localhost:81/eureclamo/admin/public/admin/empresa/produto/cadastrar.html|nome = TT|grupo = tt|descricao = twttw|rod|1|rodrigo@oul.com| {"date":"29/04/2017 23:34"} []
[2017-04-29 23:34:57] backlog.INFO: 2017-04-29 23:34:57http://localhost:81/eureclamo/admin/public/admin/empresa/produto/buscar.html|rod|1|rodrigo@oul.com| {"date":"29/04/2017 23:34"} []
[2017-04-29 23:34:59] backlog.INFO: 2017-04-29 23:34:59http://localhost:81/eureclamo/admin/public/admin/empresa/produto/buscar.html|nome = |grupo = |empresa = |rod|1|rodrigo@oul.com| {"date":"29/04/2017 23:34"} []
[2017-04-29 23:35:02] backlog.INFO: 2017-04-29 23:35:02http://localhost:81/eureclamo/admin/public/admin/empresa/produto/buscar.html|nome = tt|grupo = |empresa = |rod|1|rodrigo@oul.com| {"date":"29/04/2017 23:35"} []
[2017-04-29 23:35:02] backlog.INFO: 2017-04-29 23:35:02http://localhost:81/eureclamo/admin/public/admin/empresa/produto/buscar.html|nome = tt|grupo = |empresa = |rod|1|rodrigo@oul.com| {"date":"29/04/2017 23:35"} []
[2017-04-29 23:35:05] backlog.INFO: 2017-04-29 23:35:04http://localhost:81/eureclamo/admin/public/admin/empresa/produto/cadastrar.html|rod|1|rodrigo@oul.com| {"date":"29/04/2017 23:35"} []
[2017-04-29 23:35:12] backlog.INFO: 2017-04-29 23:35:12http://localhost:81/eureclamo/admin/public/admin/empresa/produto/cadastrar.html|nome = ABBC|grupo = teste|descricao = uddi|empresas = 1|rod|1|rodrigo@oul.com| {"date":"29/04/2017 23:35"} []
[2017-04-29 23:35:15] backlog.INFO: 2017-04-29 23:35:15http://localhost:81/eureclamo/admin/public/admin/empresa/produto/buscar.html|rod|1|rodrigo@oul.com| {"date":"29/04/2017 23:35"} []
[2017-04-29 23:35:17] backlog.INFO: 2017-04-29 23:35:16http://localhost:81/eureclamo/admin/public/admin/empresa/produto/buscar.html|nome = |grupo = |empresa = |rod|1|rodrigo@oul.com| {"date":"29/04/2017 23:35"} []
[2017-04-29 23:37:04] backlog.INFO: 2017-04-29 23:37:04http://localhost:81/eureclamo/admin/public/admin/empresa/produto/buscar.html|nome = |grupo = |empresa = |rod|1|rodrigo@oul.com| {"date":"29/04/2017 23:37"} []
[2017-04-29 23:37:26] backlog.INFO: 2017-04-29 23:37:26http://localhost:81/eureclamo/admin/public/admin/empresa/produto/buscar.html|nome = |grupo = |empresa = |rod|1|rodrigo@oul.com| {"date":"29/04/2017 23:37"} []
[2017-04-29 23:37:34] backlog.INFO: 2017-04-29 23:37:34http://localhost:81/eureclamo/admin/public/admin/prestador/servico/cadastrar.html|rod|1|rodrigo@oul.com| {"date":"29/04/2017 23:37"} []
[2017-04-29 22:49:00] backlog.INFO: 2017-04-29 22:49:00http://localhost:81/eureclamo/admin/public/admin/prestador/servico/cadastrar.html|nome = dwqdwq|grupo = fewf|descricao = d323d2|empresa = 2|rod|1|rodrigo@oul.com| {"date":"29/04/2017 22:49"} []
[2017-04-29 22:49:20] backlog.INFO: 2017-04-29 22:49:20http://localhost:81/eureclamo/admin/public/admin/prestador/servico/cadastrar.html|nome = dwqw|grupo = dwqdqdq|descricao = |empresa = |rod|1|rodrigo@oul.com| {"date":"29/04/2017 22:49"} []
[2017-04-29 22:49:37] backlog.INFO: 2017-04-29 22:49:37http://localhost:81/eureclamo/admin/public/admin/prestador/servico/cadastrar.html|nome = ccwefw|grupo = wefewfewf|descricao = |empresa = 2|rod|1|rodrigo@oul.com| {"date":"29/04/2017 22:49"} []
[2017-04-29 22:49:42] backlog.INFO: 2017-04-29 22:49:42http://localhost:81/eureclamo/admin/public/admin/prestador/servico/cadastrar.html|nome = dwqdwq|grupo = dwqdwq|descricao = |empresa = |rod|1|rodrigo@oul.com| {"date":"29/04/2017 22:49"} []
[2017-04-29 22:49:48] backlog.INFO: 2017-04-29 22:49:48http://localhost:81/eureclamo/admin/public/admin/prestador/servico/cadastrar.html|nome = cdddd|grupo = dwdwdw|descricao = |empresa = |rod|1|rodrigo@oul.com| {"date":"29/04/2017 22:49"} []
[2017-04-29 22:50:19] backlog.INFO: 2017-04-29 22:50:19http://localhost:81/eureclamo/admin/public/admin/prestador/servico/cadastrar.html|nome = dwd|grupo = wdw|descricao = |empresa = |rod|1|rodrigo@oul.com| {"date":"29/04/2017 22:50"} []
[2017-04-29 22:50:45] backlog.INFO: 2017-04-29 22:50:45http://localhost:81/eureclamo/admin/public/admin/prestador/servico/cadastrar.html|rod|1|rodrigo@oul.com| {"date":"29/04/2017 22:50"} []
[2017-04-29 22:51:43] backlog.INFO: 2017-04-29 22:51:43http://localhost:81/eureclamo/admin/public/admin/prestador/servico/cadastrar.html|rod|1|rodrigo@oul.com| {"date":"29/04/2017 22:51"} []
[2017-04-29 22:59:14] backlog.INFO: 2017-04-29 22:59:14http://localhost:81/eureclamo/admin/public/admin/prestador/servico/buscar.html|rod|1|rodrigo@oul.com| {"date":"29/04/2017 22:59"} []
[2017-04-29 23:04:12] backlog.INFO: 2017-04-29 23:04:12http://localhost:81/eureclamo/admin/public/admin/prestador/servico/buscar.html|rod|1|rodrigo@oul.com| {"date":"29/04/2017 23:04"} []
[2017-04-29 23:09:10] backlog.INFO: 2017-04-29 23:09:10http://localhost:81/eureclamo/admin/public/admin/prestador/servico/buscar.html|rod|1|rodrigo@oul.com| {"date":"29/04/2017 23:09"} []
[2017-04-29 23:10:03] backlog.INFO: 2017-04-29 23:10:03http://localhost:81/eureclamo/admin/public/admin/prestador/servico/buscar.html|rod|1|rodrigo@oul.com| {"date":"29/04/2017 23:10"} []
[2017-04-29 23:10:16] backlog.INFO: 2017-04-29 23:10:16http://localhost:81/eureclamo/admin/public/admin/prestador/servico/buscar.html|rod|1|rodrigo@oul.com| {"date":"29/04/2017 23:10"} []
[2017-04-29 23:18:12] backlog.INFO: 2017-04-29 23:18:09http://localhost:81/eureclamo/admin/public/admin/prestador/servico/buscar.html|nome = |grupo = |empresa = |rod|1|rodrigo@oul.com| {"date":"29/04/2017 23:18"} []
[2017-04-29 22:44:57] backlog.INFO: 2017-04-29 22:44:57http://localhost:81/eureclamo/admin/public/admin/prestador/servico/buscar.html|rod|1|rodrigo@oul.com| {"date":"29/04/2017 22:44"} []
[2017-04-29 22:45:01] backlog.INFO: 2017-04-29 22:45:01http://localhost:81/eureclamo/admin/public/admin/prestador/servico/buscar.html|rod|1|rodrigo@oul.com| {"date":"29/04/2017 22:45"} []
[2017-04-29 22:45:03] backlog.INFO: 2017-04-29 22:45:03http://localhost:81/eureclamo/admin/public/admin/prestador/servico/buscar.html|nome = |grupo = |empresa = |rod|1|rodrigo@oul.com| {"date":"29/04/2017 22:45"} []
[2017-04-29 22:45:27] backlog.INFO: 2017-04-29 22:45:27http://localhost:81/eureclamo/admin/public/admin/prestador/servico/buscar.html|nome = |grupo = |empresa = |rod|1|rodrigo@oul.com| {"date":"29/04/2017 22:45"} []
[2017-04-29 22:45:52] backlog.INFO: 2017-04-29 22:45:52http://localhost:81/eureclamo/admin/public/admin/prestador/servico/buscar.html|nome = |grupo = |empresa = |rod|1|rodrigo@oul.com| {"date":"29/04/2017 22:45"} []
[2017-04-29 22:53:10] backlog.INFO: 2017-04-29 22:53:10http://localhost:81/eureclamo/admin/public/admin/prestador/servico/buscar.html|nome = |grupo = |empresa = |rod|1|rodrigo@oul.com| {"date":"29/04/2017 22:53"} []
[2017-04-29 22:53:32] backlog.INFO: 2017-04-29 22:53:32http://localhost:81/eureclamo/admin/public/admin/prestador/servico/buscar.html|nome = |grupo = |empresa = |rod|1|rodrigo@oul.com| {"date":"29/04/2017 22:53"} []
